{
  "stats": {
    "suites": 24,
    "tests": 172,
    "passes": 120,
    "pending": 51,
    "failures": 1,
    "testsRegistered": 172,
    "passPercent": 69.76744186046511,
    "pendingPercent": 29.651162790697676,
    "other": 0,
    "hasOther": false,
    "skipped": 0,
    "hasSkipped": false,
    "start": "2025-12-21T14:04:58.756Z",
    "end": "2025-12-21T14:10:08.782Z",
    "duration": 310026
  },
  "results": [
    {
      "uuid": "93832fd8-cc32-45fb-88c6-b363cab26c91",
      "title": "",
      "fullFile": "cypress\\e2e\\1-getting-started\\todo.cy.js",
      "file": "cypress\\e2e\\1-getting-started\\todo.cy.js",
      "beforeHooks": [],
      "afterHooks": [],
      "tests": [],
      "suites": [
        {
          "uuid": "512cde69-0fae-45ea-ba99-9e51484a7326",
          "title": "example to-do app",
          "fullFile": "",
          "file": "",
          "beforeHooks": [],
          "afterHooks": [],
          "tests": [
            {
              "title": "displays two todo items by default",
              "fullTitle": "example to-do app displays two todo items by default",
              "timedOut": null,
              "duration": 1058,
              "state": "passed",
              "speed": "fast",
              "pass": true,
              "fail": false,
              "pending": false,
              "context": null,
              "code": "// We use the `cy.get()` command to get all elements that match the selector.\n// Then, we use `should` to assert that there are two matched items,\n// which are the two default items.\ncy.get('.todo-list li').should('have.length', 2);\n// We can go even further and check that the default todos each contain\n// the correct text. We use the `first` and `last` functions\n// to get just the first and last matched elements individually,\n// and then perform an assertion with `should`.\ncy.get('.todo-list li').first().should('have.text', 'Pay electric bill');\ncy.get('.todo-list li').last().should('have.text', 'Walk the dog');",
              "err": {},
              "uuid": "7619bf48-ee48-4ea6-b989-28d535b4fc5b",
              "parentUUID": "512cde69-0fae-45ea-ba99-9e51484a7326",
              "isHook": false,
              "skipped": false
            },
            {
              "title": "can add new todo items",
              "fullTitle": "example to-do app can add new todo items",
              "timedOut": null,
              "duration": 624,
              "state": "passed",
              "speed": "fast",
              "pass": true,
              "fail": false,
              "pending": false,
              "context": null,
              "code": "// We'll store our item text in a variable so we can reuse it\nconst newItem = 'Feed the cat';\n// Let's get the input element and use the `type` command to\n// input our new list item. After typing the content of our item,\n// we need to type the enter key as well in order to submit the input.\n// This input has a data-test attribute so we'll use that to select the\n// element in accordance with best practices:\n// https://on.cypress.io/selecting-elements\ncy.get('[data-test=new-todo]').type(`${newItem}{enter}`);\n// Now that we've typed our new item, let's check that it actually was added to the list.\n// Since it's the newest item, it should exist as the last element in the list.\n// In addition, with the two default items, we should have a total of 3 elements in the list.\n// Since assertions yield the element that was asserted on,\n// we can chain both of these assertions together into a single statement.\ncy.get('.todo-list li').should('have.length', 3).last().should('have.text', newItem);",
              "err": {},
              "uuid": "2eac32a9-12d4-4d79-87ec-d3c630bf2e7d",
              "parentUUID": "512cde69-0fae-45ea-ba99-9e51484a7326",
              "isHook": false,
              "skipped": false
            },
            {
              "title": "can check off an item as completed",
              "fullTitle": "example to-do app can check off an item as completed",
              "timedOut": null,
              "duration": 326,
              "state": "passed",
              "speed": "fast",
              "pass": true,
              "fail": false,
              "pending": false,
              "context": null,
              "code": "// In addition to using the `get` command to get an element by selector,\n// we can also use the `contains` command to get an element by its contents.\n// However, this will yield the <label>, which is lowest-level element that contains the text.\n// In order to check the item, we'll find the <input> element for this <label>\n// by traversing up the dom to the parent element. From there, we can `find`\n// the child checkbox <input> element and use the `check` command to check it.\ncy.contains('Pay electric bill').parent().find('input[type=checkbox]').check();\n// Now that we've checked the button, we can go ahead and make sure\n// that the list element is now marked as completed.\n// Again we'll use `contains` to find the <label> element and then use the `parents` command\n// to traverse multiple levels up the dom until we find the corresponding <li> element.\n// Once we get that element, we can assert that it has the completed class.\ncy.contains('Pay electric bill').parents('li').should('have.class', 'completed');",
              "err": {},
              "uuid": "bd7db294-795e-4d09-b979-5f14327ed400",
              "parentUUID": "512cde69-0fae-45ea-ba99-9e51484a7326",
              "isHook": false,
              "skipped": false
            }
          ],
          "suites": [
            {
              "uuid": "5394a6a9-1e62-4537-830c-32130a822ec8",
              "title": "with a checked task",
              "fullFile": "",
              "file": "",
              "beforeHooks": [],
              "afterHooks": [],
              "tests": [
                {
                  "title": "can filter for uncompleted tasks",
                  "fullTitle": "example to-do app with a checked task can filter for uncompleted tasks",
                  "timedOut": null,
                  "duration": 425,
                  "state": "passed",
                  "speed": "fast",
                  "pass": true,
                  "fail": false,
                  "pending": false,
                  "context": null,
                  "code": "// We'll click on the \"active\" button in order to\n// display only incomplete items\ncy.contains('Active').click();\n// After filtering, we can assert that there is only the one\n// incomplete item in the list.\ncy.get('.todo-list li').should('have.length', 1).first().should('have.text', 'Walk the dog');\n// For good measure, let's also assert that the task we checked off\n// does not exist on the page.\ncy.contains('Pay electric bill').should('not.exist');",
                  "err": {},
                  "uuid": "92010d93-cdfe-4832-9bca-35774e343b8a",
                  "parentUUID": "5394a6a9-1e62-4537-830c-32130a822ec8",
                  "isHook": false,
                  "skipped": false
                },
                {
                  "title": "can filter for completed tasks",
                  "fullTitle": "example to-do app with a checked task can filter for completed tasks",
                  "timedOut": null,
                  "duration": 410,
                  "state": "passed",
                  "speed": "fast",
                  "pass": true,
                  "fail": false,
                  "pending": false,
                  "context": null,
                  "code": "// We can perform similar steps as the test above to ensure\n// that only completed tasks are shown\ncy.contains('Completed').click();\ncy.get('.todo-list li').should('have.length', 1).first().should('have.text', 'Pay electric bill');\ncy.contains('Walk the dog').should('not.exist');",
                  "err": {},
                  "uuid": "7e4bbe00-56c7-48a0-8895-7cce893e7f85",
                  "parentUUID": "5394a6a9-1e62-4537-830c-32130a822ec8",
                  "isHook": false,
                  "skipped": false
                },
                {
                  "title": "can delete all completed tasks",
                  "fullTitle": "example to-do app with a checked task can delete all completed tasks",
                  "timedOut": null,
                  "duration": 418,
                  "state": "passed",
                  "speed": "fast",
                  "pass": true,
                  "fail": false,
                  "pending": false,
                  "context": null,
                  "code": "// First, let's click the \"Clear completed\" button\n// `contains` is actually serving two purposes here.\n// First, it's ensuring that the button exists within the dom.\n// This button only appears when at least one task is checked\n// so this command is implicitly verifying that it does exist.\n// Second, it selects the button so we can click it.\ncy.contains('Clear completed').click();\n// Then we can make sure that there is only one element\n// in the list and our element does not exist\ncy.get('.todo-list li').should('have.length', 1).should('not.have.text', 'Pay electric bill');\n// Finally, make sure that the clear button no longer exists.\ncy.contains('Clear completed').should('not.exist');",
                  "err": {},
                  "uuid": "44fd91ea-3451-4a00-9372-a52e6a8d1e35",
                  "parentUUID": "5394a6a9-1e62-4537-830c-32130a822ec8",
                  "isHook": false,
                  "skipped": false
                }
              ],
              "suites": [],
              "passes": [
                "92010d93-cdfe-4832-9bca-35774e343b8a",
                "7e4bbe00-56c7-48a0-8895-7cce893e7f85",
                "44fd91ea-3451-4a00-9372-a52e6a8d1e35"
              ],
              "failures": [],
              "pending": [],
              "skipped": [],
              "duration": 1253,
              "root": false,
              "rootEmpty": false,
              "_timeout": 2000
            }
          ],
          "passes": [
            "7619bf48-ee48-4ea6-b989-28d535b4fc5b",
            "2eac32a9-12d4-4d79-87ec-d3c630bf2e7d",
            "bd7db294-795e-4d09-b979-5f14327ed400"
          ],
          "failures": [],
          "pending": [],
          "skipped": [],
          "duration": 2008,
          "root": false,
          "rootEmpty": false,
          "_timeout": 2000
        }
      ],
      "passes": [],
      "failures": [],
      "pending": [],
      "skipped": [],
      "duration": 0,
      "root": true,
      "rootEmpty": true,
      "_timeout": 2000
    },
    {
      "uuid": "a09a80c5-be0e-4877-8e06-59b44a34ec64",
      "title": "",
      "fullFile": "cypress\\e2e\\2-advanced-examples\\actions.cy.js",
      "file": "cypress\\e2e\\2-advanced-examples\\actions.cy.js",
      "beforeHooks": [],
      "afterHooks": [],
      "tests": [],
      "suites": [
        {
          "uuid": "ac0e6d2b-cfc5-49a5-8ace-70127f13e2f8",
          "title": "Actions",
          "fullFile": "",
          "file": "",
          "beforeHooks": [],
          "afterHooks": [],
          "tests": [
            {
              "title": ".type() - type into a DOM element",
              "fullTitle": "Actions .type() - type into a DOM element",
              "timedOut": null,
              "duration": 4541,
              "state": "passed",
              "speed": "fast",
              "pass": true,
              "fail": false,
              "pending": false,
              "context": null,
              "code": "// https://on.cypress.io/type\ncy.get('.action-email').type('fake@email.com');\ncy.get('.action-email').should('have.value', 'fake@email.com');\n// .type() with special character sequences\ncy.get('.action-email').type('{leftarrow}{rightarrow}{uparrow}{downarrow}');\ncy.get('.action-email').type('{del}{selectall}{backspace}');\n// .type() with key modifiers\ncy.get('.action-email').type('{alt}{option}'); // these are equivalent\ncy.get('.action-email').type('{ctrl}{control}'); // these are equivalent\ncy.get('.action-email').type('{meta}{command}{cmd}'); // these are equivalent\ncy.get('.action-email').type('{shift}');\n// Delay each keypress by 0.1 sec\ncy.get('.action-email').type('slow.typing@email.com', {\n  delay: 100\n});\ncy.get('.action-email').should('have.value', 'slow.typing@email.com');\ncy.get('.action-disabled')\n// Ignore error checking prior to type\n// like whether the input is visible or disabled\n.type('disabled error checking', {\n  force: true\n});\ncy.get('.action-disabled').should('have.value', 'disabled error checking');",
              "err": {},
              "uuid": "64183158-52ce-4d70-8371-73b9222e4936",
              "parentUUID": "ac0e6d2b-cfc5-49a5-8ace-70127f13e2f8",
              "isHook": false,
              "skipped": false
            },
            {
              "title": ".focus() - focus on a DOM element",
              "fullTitle": "Actions .focus() - focus on a DOM element",
              "timedOut": null,
              "duration": 272,
              "state": "passed",
              "speed": "fast",
              "pass": true,
              "fail": false,
              "pending": false,
              "context": null,
              "code": "// https://on.cypress.io/focus\ncy.get('.action-focus').focus();\ncy.get('.action-focus').should('have.class', 'focus').prev().should('have.attr', 'style', 'color: orange;');",
              "err": {},
              "uuid": "7616c9cf-5c3d-470f-ab93-898ba76c9162",
              "parentUUID": "ac0e6d2b-cfc5-49a5-8ace-70127f13e2f8",
              "isHook": false,
              "skipped": false
            },
            {
              "title": ".blur() - blur off a DOM element",
              "fullTitle": "Actions .blur() - blur off a DOM element",
              "timedOut": null,
              "duration": 648,
              "state": "passed",
              "speed": "fast",
              "pass": true,
              "fail": false,
              "pending": false,
              "context": null,
              "code": "// https://on.cypress.io/blur\ncy.get('.action-blur').type('About to blur');\ncy.get('.action-blur').blur();\ncy.get('.action-blur').should('have.class', 'error').prev().should('have.attr', 'style', 'color: red;');",
              "err": {},
              "uuid": "47ecb6a1-1ece-4785-a419-03c20794576f",
              "parentUUID": "ac0e6d2b-cfc5-49a5-8ace-70127f13e2f8",
              "isHook": false,
              "skipped": false
            },
            {
              "title": ".clear() - clears an input or textarea element",
              "fullTitle": "Actions .clear() - clears an input or textarea element",
              "timedOut": null,
              "duration": 735,
              "state": "passed",
              "speed": "fast",
              "pass": true,
              "fail": false,
              "pending": false,
              "context": null,
              "code": "// https://on.cypress.io/clear\ncy.get('.action-clear').type('Clear this text');\ncy.get('.action-clear').should('have.value', 'Clear this text');\ncy.get('.action-clear').clear();\ncy.get('.action-clear').should('have.value', '');",
              "err": {},
              "uuid": "b4b51adf-9eb2-473a-979c-59a4b3df97d1",
              "parentUUID": "ac0e6d2b-cfc5-49a5-8ace-70127f13e2f8",
              "isHook": false,
              "skipped": false
            },
            {
              "title": ".submit() - submit a form",
              "fullTitle": "Actions .submit() - submit a form",
              "timedOut": null,
              "duration": 581,
              "state": "passed",
              "speed": "fast",
              "pass": true,
              "fail": false,
              "pending": false,
              "context": null,
              "code": "// https://on.cypress.io/submit\ncy.get('.action-form').find('[type=\"text\"]').type('HALFOFF');\ncy.get('.action-form').submit();\ncy.get('.action-form').next().should('contain', 'Your form has been submitted!');",
              "err": {},
              "uuid": "c4aceb4f-ca6a-43da-a878-920405ea2684",
              "parentUUID": "ac0e6d2b-cfc5-49a5-8ace-70127f13e2f8",
              "isHook": false,
              "skipped": false
            },
            {
              "title": ".click() - click on a DOM element",
              "fullTitle": "Actions .click() - click on a DOM element",
              "timedOut": null,
              "duration": 2329,
              "state": "passed",
              "speed": "fast",
              "pass": true,
              "fail": false,
              "pending": false,
              "context": null,
              "code": "// https://on.cypress.io/click\ncy.get('.action-btn').click();\n// You can click on 9 specific positions of an element:\n//  -----------------------------------\n// | topLeft        top       topRight |\n// |                                   |\n// |                                   |\n// |                                   |\n// | left          center        right |\n// |                                   |\n// |                                   |\n// |                                   |\n// | bottomLeft   bottom   bottomRight |\n//  -----------------------------------\n// clicking in the center of the element is the default\ncy.get('#action-canvas').click();\ncy.get('#action-canvas').click('topLeft');\ncy.get('#action-canvas').click('top');\ncy.get('#action-canvas').click('topRight');\ncy.get('#action-canvas').click('left');\ncy.get('#action-canvas').click('right');\ncy.get('#action-canvas').click('bottomLeft');\ncy.get('#action-canvas').click('bottom');\ncy.get('#action-canvas').click('bottomRight');\n// .click() accepts an x and y coordinate\n// that controls where the click occurs :)\ncy.get('#action-canvas');\ncy.get('#action-canvas').click(80, 75); // click 80px on x coord and 75px on y coord\ncy.get('#action-canvas').click(170, 75);\ncy.get('#action-canvas').click(80, 165);\ncy.get('#action-canvas').click(100, 185);\ncy.get('#action-canvas').click(125, 190);\ncy.get('#action-canvas').click(150, 185);\ncy.get('#action-canvas').click(170, 165);\n// click multiple elements by passing multiple: true\ncy.get('.action-labels>.label').click({\n  multiple: true\n});\n// Ignore error checking prior to clicking\ncy.get('.action-opacity>.btn').click({\n  force: true\n});",
              "err": {},
              "uuid": "e63597c3-7634-4c1d-aaac-6800f605c34c",
              "parentUUID": "ac0e6d2b-cfc5-49a5-8ace-70127f13e2f8",
              "isHook": false,
              "skipped": false
            },
            {
              "title": ".dblclick() - double click on a DOM element",
              "fullTitle": "Actions .dblclick() - double click on a DOM element",
              "timedOut": null,
              "duration": 392,
              "state": "passed",
              "speed": "fast",
              "pass": true,
              "fail": false,
              "pending": false,
              "context": null,
              "code": "// https://on.cypress.io/dblclick\n// Our app has a listener on 'dblclick' event in our 'scripts.js'\n// that hides the div and shows an input on double click\ncy.get('.action-div').dblclick();\ncy.get('.action-div').should('not.be.visible');\ncy.get('.action-input-hidden').should('be.visible');",
              "err": {},
              "uuid": "7761a4f3-7e4d-40f9-b484-48f4a89c617d",
              "parentUUID": "ac0e6d2b-cfc5-49a5-8ace-70127f13e2f8",
              "isHook": false,
              "skipped": false
            },
            {
              "title": ".rightclick() - right click on a DOM element",
              "fullTitle": "Actions .rightclick() - right click on a DOM element",
              "timedOut": null,
              "duration": 340,
              "state": "passed",
              "speed": "fast",
              "pass": true,
              "fail": false,
              "pending": false,
              "context": null,
              "code": "// https://on.cypress.io/rightclick\n// Our app has a listener on 'contextmenu' event in our 'scripts.js'\n// that hides the div and shows an input on right click\ncy.get('.rightclick-action-div').rightclick();\ncy.get('.rightclick-action-div').should('not.be.visible');\ncy.get('.rightclick-action-input-hidden').should('be.visible');",
              "err": {},
              "uuid": "6c3aabc9-635d-4da9-8c01-3d42a4ea5899",
              "parentUUID": "ac0e6d2b-cfc5-49a5-8ace-70127f13e2f8",
              "isHook": false,
              "skipped": false
            },
            {
              "title": ".check() - check a checkbox or radio element",
              "fullTitle": "Actions .check() - check a checkbox or radio element",
              "timedOut": null,
              "duration": 993,
              "state": "passed",
              "speed": "fast",
              "pass": true,
              "fail": false,
              "pending": false,
              "context": null,
              "code": "// https://on.cypress.io/check\n// By default, .check() will check all\n// matching checkbox or radio elements in succession, one after another\ncy.get('.action-checkboxes [type=\"checkbox\"]').not('[disabled]').check();\ncy.get('.action-checkboxes [type=\"checkbox\"]').not('[disabled]').should('be.checked');\ncy.get('.action-radios [type=\"radio\"]').not('[disabled]').check();\ncy.get('.action-radios [type=\"radio\"]').not('[disabled]').should('be.checked');\n// .check() accepts a value argument\ncy.get('.action-radios [type=\"radio\"]').check('radio1');\ncy.get('.action-radios [type=\"radio\"]').should('be.checked');\n// .check() accepts an array of values\ncy.get('.action-multiple-checkboxes [type=\"checkbox\"]').check(['checkbox1', 'checkbox2']);\ncy.get('.action-multiple-checkboxes [type=\"checkbox\"]').should('be.checked');\n// Ignore error checking prior to checking\ncy.get('.action-checkboxes [disabled]').check({\n  force: true\n});\ncy.get('.action-checkboxes [disabled]').should('be.checked');\ncy.get('.action-radios [type=\"radio\"]').check('radio3', {\n  force: true\n});\ncy.get('.action-radios [type=\"radio\"]').should('be.checked');",
              "err": {},
              "uuid": "b7920e15-fea9-4716-adef-21b19dac6d54",
              "parentUUID": "ac0e6d2b-cfc5-49a5-8ace-70127f13e2f8",
              "isHook": false,
              "skipped": false
            },
            {
              "title": ".uncheck() - uncheck a checkbox element",
              "fullTitle": "Actions .uncheck() - uncheck a checkbox element",
              "timedOut": null,
              "duration": 1021,
              "state": "passed",
              "speed": "fast",
              "pass": true,
              "fail": false,
              "pending": false,
              "context": null,
              "code": "// https://on.cypress.io/uncheck\n// By default, .uncheck() will uncheck all matching\n// checkbox elements in succession, one after another\ncy.get('.action-check [type=\"checkbox\"]').not('[disabled]').uncheck();\ncy.get('.action-check [type=\"checkbox\"]').not('[disabled]').should('not.be.checked');\n// .uncheck() accepts a value argument\ncy.get('.action-check [type=\"checkbox\"]').check('checkbox1');\ncy.get('.action-check [type=\"checkbox\"]').uncheck('checkbox1');\ncy.get('.action-check [type=\"checkbox\"][value=\"checkbox1\"]').should('not.be.checked');\n// .uncheck() accepts an array of values\ncy.get('.action-check [type=\"checkbox\"]').check(['checkbox1', 'checkbox3']);\ncy.get('.action-check [type=\"checkbox\"]').uncheck(['checkbox1', 'checkbox3']);\ncy.get('.action-check [type=\"checkbox\"][value=\"checkbox1\"]').should('not.be.checked');\ncy.get('.action-check [type=\"checkbox\"][value=\"checkbox3\"]').should('not.be.checked');\n// Ignore error checking prior to unchecking\ncy.get('.action-check [disabled]').uncheck({\n  force: true\n});\ncy.get('.action-check [disabled]').should('not.be.checked');",
              "err": {},
              "uuid": "8978d906-5483-40d8-a8b8-a0c18dfead8d",
              "parentUUID": "ac0e6d2b-cfc5-49a5-8ace-70127f13e2f8",
              "isHook": false,
              "skipped": false
            },
            {
              "title": ".select() - select an option in a <select> element",
              "fullTitle": "Actions .select() - select an option in a <select> element",
              "timedOut": null,
              "duration": 1133,
              "state": "passed",
              "speed": "fast",
              "pass": true,
              "fail": false,
              "pending": false,
              "context": null,
              "code": "// https://on.cypress.io/select\n// at first, no option should be selected\ncy.get('.action-select').should('have.value', '--Select a fruit--');\n// Select option(s) with matching text content\ncy.get('.action-select').select('apples');\n// confirm the apples were selected\n// note that each value starts with \"fr-\" in our HTML\ncy.get('.action-select').should('have.value', 'fr-apples');\ncy.get('.action-select-multiple').select(['apples', 'oranges', 'bananas']);\ncy.get('.action-select-multiple')\n// when getting multiple values, invoke \"val\" method first\n.invoke('val').should('deep.equal', ['fr-apples', 'fr-oranges', 'fr-bananas']);\n// Select option(s) with matching value\ncy.get('.action-select').select('fr-bananas');\ncy.get('.action-select')\n// can attach an assertion right away to the element\n.should('have.value', 'fr-bananas');\ncy.get('.action-select-multiple').select(['fr-apples', 'fr-oranges', 'fr-bananas']);\ncy.get('.action-select-multiple').invoke('val').should('deep.equal', ['fr-apples', 'fr-oranges', 'fr-bananas']);\n// assert the selected values include oranges\ncy.get('.action-select-multiple').invoke('val').should('include', 'fr-oranges');",
              "err": {},
              "uuid": "e4de909b-29fb-46de-92c1-f71b2b33ff8a",
              "parentUUID": "ac0e6d2b-cfc5-49a5-8ace-70127f13e2f8",
              "isHook": false,
              "skipped": false
            },
            {
              "title": ".scrollIntoView() - scroll an element into view",
              "fullTitle": "Actions .scrollIntoView() - scroll an element into view",
              "timedOut": null,
              "duration": 258,
              "state": "passed",
              "speed": "fast",
              "pass": true,
              "fail": false,
              "pending": false,
              "context": null,
              "code": "// https://on.cypress.io/scrollintoview\n// normally all of these buttons are hidden,\n// because they're not within\n// the viewable area of their parent\n// (we need to scroll to see them)\ncy.get('#scroll-horizontal button').should('not.be.visible');\n// scroll the button into view, as if the user had scrolled\ncy.get('#scroll-horizontal button').scrollIntoView();\ncy.get('#scroll-horizontal button').should('be.visible');\ncy.get('#scroll-vertical button').should('not.be.visible');\n// Cypress handles the scroll direction needed\ncy.get('#scroll-vertical button').scrollIntoView();\ncy.get('#scroll-vertical button').should('be.visible');\ncy.get('#scroll-both button').should('not.be.visible');\n// Cypress knows to scroll to the right and down\ncy.get('#scroll-both button').scrollIntoView();\ncy.get('#scroll-both button').should('be.visible');",
              "err": {},
              "uuid": "67b1d929-a2b0-479d-b0a1-e7a523ad7707",
              "parentUUID": "ac0e6d2b-cfc5-49a5-8ace-70127f13e2f8",
              "isHook": false,
              "skipped": false
            },
            {
              "title": ".trigger() - trigger an event on a DOM element",
              "fullTitle": "Actions .trigger() - trigger an event on a DOM element",
              "timedOut": null,
              "duration": 272,
              "state": "passed",
              "speed": "fast",
              "pass": true,
              "fail": false,
              "pending": false,
              "context": null,
              "code": "// https://on.cypress.io/trigger\n// To interact with a range input (slider)\n// we need to set its value & trigger the\n// event to signal it changed\n// Here, we invoke jQuery's val() method to set\n// the value and trigger the 'change' event\ncy.get('.trigger-input-range').invoke('val', 25);\ncy.get('.trigger-input-range').trigger('change');\ncy.get('.trigger-input-range').get('input[type=range]').siblings('p').should('have.text', '25');",
              "err": {},
              "uuid": "55d2e809-545e-4420-9ce4-f59f58fec4d1",
              "parentUUID": "ac0e6d2b-cfc5-49a5-8ace-70127f13e2f8",
              "isHook": false,
              "skipped": false
            },
            {
              "title": "cy.scrollTo() - scroll the window or element to a position",
              "fullTitle": "Actions cy.scrollTo() - scroll the window or element to a position",
              "timedOut": null,
              "duration": 2265,
              "state": "passed",
              "speed": "fast",
              "pass": true,
              "fail": false,
              "pending": false,
              "context": null,
              "code": "// https://on.cypress.io/scrollto\n// You can scroll to 9 specific positions of an element:\n//  -----------------------------------\n// | topLeft        top       topRight |\n// |                                   |\n// |                                   |\n// |                                   |\n// | left          center        right |\n// |                                   |\n// |                                   |\n// |                                   |\n// | bottomLeft   bottom   bottomRight |\n//  -----------------------------------\n// if you chain .scrollTo() off of cy, we will\n// scroll the entire window\ncy.scrollTo('bottom');\ncy.get('#scrollable-horizontal').scrollTo('right');\n// or you can scroll to a specific coordinate:\n// (x axis, y axis) in pixels\ncy.get('#scrollable-vertical').scrollTo(250, 250);\n// or you can scroll to a specific percentage\n// of the (width, height) of the element\ncy.get('#scrollable-both').scrollTo('75%', '25%');\n// control the easing of the scroll (default is 'swing')\ncy.get('#scrollable-vertical').scrollTo('center', {\n  easing: 'linear'\n});\n// control the duration of the scroll (in ms)\ncy.get('#scrollable-both').scrollTo('center', {\n  duration: 2000\n});",
              "err": {},
              "uuid": "b59f440b-92a1-4128-9c27-ad62802d92c1",
              "parentUUID": "ac0e6d2b-cfc5-49a5-8ace-70127f13e2f8",
              "isHook": false,
              "skipped": false
            }
          ],
          "suites": [],
          "passes": [
            "64183158-52ce-4d70-8371-73b9222e4936",
            "7616c9cf-5c3d-470f-ab93-898ba76c9162",
            "47ecb6a1-1ece-4785-a419-03c20794576f",
            "b4b51adf-9eb2-473a-979c-59a4b3df97d1",
            "c4aceb4f-ca6a-43da-a878-920405ea2684",
            "e63597c3-7634-4c1d-aaac-6800f605c34c",
            "7761a4f3-7e4d-40f9-b484-48f4a89c617d",
            "6c3aabc9-635d-4da9-8c01-3d42a4ea5899",
            "b7920e15-fea9-4716-adef-21b19dac6d54",
            "8978d906-5483-40d8-a8b8-a0c18dfead8d",
            "e4de909b-29fb-46de-92c1-f71b2b33ff8a",
            "67b1d929-a2b0-479d-b0a1-e7a523ad7707",
            "55d2e809-545e-4420-9ce4-f59f58fec4d1",
            "b59f440b-92a1-4128-9c27-ad62802d92c1"
          ],
          "failures": [],
          "pending": [],
          "skipped": [],
          "duration": 15780,
          "root": false,
          "rootEmpty": false,
          "_timeout": 2000
        }
      ],
      "passes": [],
      "failures": [],
      "pending": [],
      "skipped": [],
      "duration": 0,
      "root": true,
      "rootEmpty": true,
      "_timeout": 2000
    },
    {
      "uuid": "cceba1df-51dc-49d6-9a85-f34e3778f597",
      "title": "",
      "fullFile": "cypress\\e2e\\2-advanced-examples\\aliasing.cy.js",
      "file": "cypress\\e2e\\2-advanced-examples\\aliasing.cy.js",
      "beforeHooks": [],
      "afterHooks": [],
      "tests": [],
      "suites": [
        {
          "uuid": "310966e7-9d2e-4138-a4d0-8530b337ef50",
          "title": "Aliasing",
          "fullFile": "",
          "file": "",
          "beforeHooks": [],
          "afterHooks": [],
          "tests": [
            {
              "title": ".as() - alias a DOM element for later use",
              "fullTitle": "Aliasing .as() - alias a DOM element for later use",
              "timedOut": null,
              "duration": 866,
              "state": "passed",
              "speed": "fast",
              "pass": true,
              "fail": false,
              "pending": false,
              "context": null,
              "code": "// https://on.cypress.io/as\n// Alias a DOM element for use later\n// We don't have to traverse to the element\n// later in our code, we reference it with @\ncy.get('.as-table').find('tbody>tr').first().find('td').first().find('button').as('firstBtn');\n// when we reference the alias, we place an\n// @ in front of its name\ncy.get('@firstBtn').click();\ncy.get('@firstBtn').should('have.class', 'btn-success').and('contain', 'Changed');",
              "err": {},
              "uuid": "291696b3-6dd5-44d0-99e0-be8be3591463",
              "parentUUID": "310966e7-9d2e-4138-a4d0-8530b337ef50",
              "isHook": false,
              "skipped": false
            },
            {
              "title": ".as() - alias a route for later use",
              "fullTitle": "Aliasing .as() - alias a route for later use",
              "timedOut": null,
              "duration": 1499,
              "state": "passed",
              "speed": "fast",
              "pass": true,
              "fail": false,
              "pending": false,
              "context": null,
              "code": "// Alias the route to wait for its response\ncy.intercept('GET', '**/comments/*').as('getComment');\n// we have code that gets a comment when\n// the button is clicked in scripts.js\ncy.get('.network-btn').click();\n// https://on.cypress.io/wait\ncy.wait('@getComment').its('response.statusCode').should('eq', 200);",
              "err": {},
              "uuid": "c6812862-9b58-44c2-a6e0-3367cecd301f",
              "parentUUID": "310966e7-9d2e-4138-a4d0-8530b337ef50",
              "isHook": false,
              "skipped": false
            }
          ],
          "suites": [],
          "passes": [
            "291696b3-6dd5-44d0-99e0-be8be3591463",
            "c6812862-9b58-44c2-a6e0-3367cecd301f"
          ],
          "failures": [],
          "pending": [],
          "skipped": [],
          "duration": 2365,
          "root": false,
          "rootEmpty": false,
          "_timeout": 2000
        }
      ],
      "passes": [],
      "failures": [],
      "pending": [],
      "skipped": [],
      "duration": 0,
      "root": true,
      "rootEmpty": true,
      "_timeout": 2000
    },
    {
      "uuid": "bca389a0-5375-4859-8c2c-cb2b3a799677",
      "title": "",
      "fullFile": "cypress\\e2e\\2-advanced-examples\\assertions.cy.js",
      "file": "cypress\\e2e\\2-advanced-examples\\assertions.cy.js",
      "beforeHooks": [],
      "afterHooks": [],
      "tests": [],
      "suites": [
        {
          "uuid": "f64291f1-1b26-4278-93ed-6847682baa6e",
          "title": "Assertions",
          "fullFile": "",
          "file": "",
          "beforeHooks": [],
          "afterHooks": [],
          "tests": [],
          "suites": [
            {
              "uuid": "2c54f84a-2c24-44c8-b26f-7117776de555",
              "title": "Implicit Assertions",
              "fullFile": "",
              "file": "",
              "beforeHooks": [],
              "afterHooks": [],
              "tests": [
                {
                  "title": ".should() - make an assertion about the current subject",
                  "fullTitle": "Assertions Implicit Assertions .should() - make an assertion about the current subject",
                  "timedOut": null,
                  "duration": 738,
                  "state": "passed",
                  "speed": "fast",
                  "pass": true,
                  "fail": false,
                  "pending": false,
                  "context": null,
                  "code": "// https://on.cypress.io/should\ncy.get('.assertion-table').find('tbody tr:last').should('have.class', 'success').find('td').first()\n// checking the text of the <td> element in various ways\n.should('have.text', 'Column content').should('contain', 'Column content').should('have.html', 'Column content')\n// chai-jquery uses \"is()\" to check if element matches selector\n.should('match', 'td')\n// to match text content against a regular expression\n// first need to invoke jQuery method text()\n// and then match using regular expression\n.invoke('text').should('match', /column content/i);\n// a better way to check element's text content against a regular expression\n// is to use \"cy.contains\"\n// https://on.cypress.io/contains\ncy.get('.assertion-table').find('tbody tr:last')\n// finds first <td> element with text content matching regular expression\n.contains('td', /column content/i).should('be.visible');\n// for more information about asserting element's text\n// see https://on.cypress.io/using-cypress-faq#How-do-I-get-an-element’s-text-contents",
                  "err": {},
                  "uuid": "ef2b2bdf-fb49-48ad-b68c-1ded79b3e13c",
                  "parentUUID": "2c54f84a-2c24-44c8-b26f-7117776de555",
                  "isHook": false,
                  "skipped": false
                },
                {
                  "title": ".and() - chain multiple assertions together",
                  "fullTitle": "Assertions Implicit Assertions .and() - chain multiple assertions together",
                  "timedOut": null,
                  "duration": 236,
                  "state": "passed",
                  "speed": "fast",
                  "pass": true,
                  "fail": false,
                  "pending": false,
                  "context": null,
                  "code": "// https://on.cypress.io/and\ncy.get('.assertions-link').should('have.class', 'active').and('have.attr', 'href').and('include', 'cypress.io');",
                  "err": {},
                  "uuid": "ff2f2b71-db00-4cd8-93f3-c13eff19934b",
                  "parentUUID": "2c54f84a-2c24-44c8-b26f-7117776de555",
                  "isHook": false,
                  "skipped": false
                }
              ],
              "suites": [],
              "passes": [
                "ef2b2bdf-fb49-48ad-b68c-1ded79b3e13c",
                "ff2f2b71-db00-4cd8-93f3-c13eff19934b"
              ],
              "failures": [],
              "pending": [],
              "skipped": [],
              "duration": 974,
              "root": false,
              "rootEmpty": false,
              "_timeout": 2000
            },
            {
              "uuid": "57533638-de19-49bd-b804-db9b795b55a9",
              "title": "Explicit Assertions",
              "fullFile": "",
              "file": "",
              "beforeHooks": [],
              "afterHooks": [],
              "tests": [
                {
                  "title": "expect - make an assertion about a specified subject",
                  "fullTitle": "Assertions Explicit Assertions expect - make an assertion about a specified subject",
                  "timedOut": null,
                  "duration": 201,
                  "state": "passed",
                  "speed": "fast",
                  "pass": true,
                  "fail": false,
                  "pending": false,
                  "context": null,
                  "code": "// We can use Chai's BDD style assertions\nexpect(true).to.be.true;\nconst o = {\n  foo: 'bar'\n};\nexpect(o).to.equal(o);\nexpect(o).to.deep.equal({\n  foo: 'bar'\n});\n// matching text using regular expression\nexpect('FooBar').to.match(/bar$/i);",
                  "err": {},
                  "uuid": "45d77eb9-975f-4aa8-a111-b3997d269c07",
                  "parentUUID": "57533638-de19-49bd-b804-db9b795b55a9",
                  "isHook": false,
                  "skipped": false
                },
                {
                  "title": "pass your own callback function to should()",
                  "fullTitle": "Assertions Explicit Assertions pass your own callback function to should()",
                  "timedOut": null,
                  "duration": 256,
                  "state": "passed",
                  "speed": "fast",
                  "pass": true,
                  "fail": false,
                  "pending": false,
                  "context": null,
                  "code": "// Pass a function to should that can have any number\n// of explicit assertions within it.\n// The \".should(cb)\" function will be retried\n// automatically until it passes all your explicit assertions or times out.\ncy.get('.assertions-p').find('p').should($p => {\n  // https://on.cypress.io/$\n  // return an array of texts from all of the p's\n  const texts = $p.map((i, el) => Cypress.$(el).text());\n  // jquery map returns jquery object\n  // and .get() convert this to simple array\n  const paragraphs = texts.get();\n  // array should have length of 3\n  expect(paragraphs, 'has 3 paragraphs').to.have.length(3);\n  // use second argument to expect(...) to provide clear\n  // message with each assertion\n  expect(paragraphs, 'has expected text in each paragraph').to.deep.eq(['Some text from first p', 'More text from second p', 'And even more text from third p']);\n});",
                  "err": {},
                  "uuid": "69ad86ec-1239-4561-94cf-03a4b1f404d1",
                  "parentUUID": "57533638-de19-49bd-b804-db9b795b55a9",
                  "isHook": false,
                  "skipped": false
                },
                {
                  "title": "finds element by class name regex",
                  "fullTitle": "Assertions Explicit Assertions finds element by class name regex",
                  "timedOut": null,
                  "duration": 229,
                  "state": "passed",
                  "speed": "fast",
                  "pass": true,
                  "fail": false,
                  "pending": false,
                  "context": null,
                  "code": "cy.get('.docs-header').find('div')\n// .should(cb) callback function will be retried\n.should($div => {\n  expect($div).to.have.length(1);\n  const className = $div[0].className;\n  expect(className).to.match(/heading-/);\n})\n// .then(cb) callback is not retried,\n// it either passes or fails\n.then($div => {\n  expect($div, 'text content').to.have.text('Introduction');\n});",
                  "err": {},
                  "uuid": "c8b1ddbc-6b26-4bd7-a7bd-da66119cedd3",
                  "parentUUID": "57533638-de19-49bd-b804-db9b795b55a9",
                  "isHook": false,
                  "skipped": false
                },
                {
                  "title": "can throw any error",
                  "fullTitle": "Assertions Explicit Assertions can throw any error",
                  "timedOut": null,
                  "duration": 222,
                  "state": "passed",
                  "speed": "fast",
                  "pass": true,
                  "fail": false,
                  "pending": false,
                  "context": null,
                  "code": "cy.get('.docs-header').find('div').should($div => {\n  if ($div.length !== 1) {\n    // you can throw your own errors\n    throw new Error('Did not find 1 element');\n  }\n  const className = $div[0].className;\n  if (!className.match(/heading-/)) {\n    throw new Error(`Could not find class \"heading-\" in ${className}`);\n  }\n});",
                  "err": {},
                  "uuid": "82568c2d-31cb-4f14-85a5-c5aa9f9322d7",
                  "parentUUID": "57533638-de19-49bd-b804-db9b795b55a9",
                  "isHook": false,
                  "skipped": false
                },
                {
                  "title": "matches unknown text between two elements",
                  "fullTitle": "Assertions Explicit Assertions matches unknown text between two elements",
                  "timedOut": null,
                  "duration": 242,
                  "state": "passed",
                  "speed": "fast",
                  "pass": true,
                  "fail": false,
                  "pending": false,
                  "context": null,
                  "code": "/**\n * Text from the first element.\n * @type {string}\n*/\nlet text;\n/**\n * Normalizes passed text,\n * useful before comparing text with spaces and different capitalization.\n * @param {string} s Text to normalize\n*/\nconst normalizeText = s => s.replace(/\\s/g, '').toLowerCase();\ncy.get('.two-elements').find('.first').then($first => {\n  // save text from the first element\n  text = normalizeText($first.text());\n});\ncy.get('.two-elements').find('.second').should($div => {\n  // we can massage text before comparing\n  const secondText = normalizeText($div.text());\n  expect(secondText, 'second text').to.equal(text);\n});",
                  "err": {},
                  "uuid": "471ba5c4-8d52-4b96-969a-5470c634c033",
                  "parentUUID": "57533638-de19-49bd-b804-db9b795b55a9",
                  "isHook": false,
                  "skipped": false
                },
                {
                  "title": "assert - assert shape of an object",
                  "fullTitle": "Assertions Explicit Assertions assert - assert shape of an object",
                  "timedOut": null,
                  "duration": 214,
                  "state": "passed",
                  "speed": "fast",
                  "pass": true,
                  "fail": false,
                  "pending": false,
                  "context": null,
                  "code": "const person = {\n  name: 'Joe',\n  age: 20\n};\nassert.isObject(person, 'value is object');",
                  "err": {},
                  "uuid": "ec767f0b-70d3-4305-8e3d-c8b5f35ded1a",
                  "parentUUID": "57533638-de19-49bd-b804-db9b795b55a9",
                  "isHook": false,
                  "skipped": false
                },
                {
                  "title": "retries the should callback until assertions pass",
                  "fullTitle": "Assertions Explicit Assertions retries the should callback until assertions pass",
                  "timedOut": null,
                  "duration": 1709,
                  "state": "passed",
                  "speed": "fast",
                  "pass": true,
                  "fail": false,
                  "pending": false,
                  "context": null,
                  "code": "cy.get('#random-number').should($div => {\n  const n = parseFloat($div.text());\n  expect(n).to.be.gte(1).and.be.lte(10);\n});",
                  "err": {},
                  "uuid": "6c699417-974a-4fa3-a84d-79f801af1d64",
                  "parentUUID": "57533638-de19-49bd-b804-db9b795b55a9",
                  "isHook": false,
                  "skipped": false
                }
              ],
              "suites": [],
              "passes": [
                "45d77eb9-975f-4aa8-a111-b3997d269c07",
                "69ad86ec-1239-4561-94cf-03a4b1f404d1",
                "c8b1ddbc-6b26-4bd7-a7bd-da66119cedd3",
                "82568c2d-31cb-4f14-85a5-c5aa9f9322d7",
                "471ba5c4-8d52-4b96-969a-5470c634c033",
                "ec767f0b-70d3-4305-8e3d-c8b5f35ded1a",
                "6c699417-974a-4fa3-a84d-79f801af1d64"
              ],
              "failures": [],
              "pending": [],
              "skipped": [],
              "duration": 3073,
              "root": false,
              "rootEmpty": false,
              "_timeout": 2000
            }
          ],
          "passes": [],
          "failures": [],
          "pending": [],
          "skipped": [],
          "duration": 0,
          "root": false,
          "rootEmpty": false,
          "_timeout": 2000
        }
      ],
      "passes": [],
      "failures": [],
      "pending": [],
      "skipped": [],
      "duration": 0,
      "root": true,
      "rootEmpty": true,
      "_timeout": 2000
    },
    {
      "uuid": "34f48814-50c6-4a2d-b5c4-20ee72c44ef8",
      "title": "",
      "fullFile": "cypress\\e2e\\2-advanced-examples\\connectors.cy.js",
      "file": "cypress\\e2e\\2-advanced-examples\\connectors.cy.js",
      "beforeHooks": [],
      "afterHooks": [],
      "tests": [],
      "suites": [
        {
          "uuid": "f5d2d3cf-a83f-4c4d-827d-a2baabece550",
          "title": "Connectors",
          "fullFile": "",
          "file": "",
          "beforeHooks": [],
          "afterHooks": [],
          "tests": [
            {
              "title": ".each() - iterate over an array of elements",
              "fullTitle": "Connectors .each() - iterate over an array of elements",
              "timedOut": null,
              "duration": 659,
              "state": "passed",
              "speed": "fast",
              "pass": true,
              "fail": false,
              "pending": false,
              "context": null,
              "code": "// https://on.cypress.io/each\ncy.get('.connectors-each-ul>li').each(($el, index, $list) => {\n  console.log($el, index, $list);\n});",
              "err": {},
              "uuid": "35aac3f7-886a-4840-827a-8be991ff5c8a",
              "parentUUID": "f5d2d3cf-a83f-4c4d-827d-a2baabece550",
              "isHook": false,
              "skipped": false
            },
            {
              "title": ".its() - get properties on the current subject",
              "fullTitle": "Connectors .its() - get properties on the current subject",
              "timedOut": null,
              "duration": 248,
              "state": "passed",
              "speed": "fast",
              "pass": true,
              "fail": false,
              "pending": false,
              "context": null,
              "code": "// https://on.cypress.io/its\ncy.get('.connectors-its-ul>li')\n// calls the 'length' property yielding that value\n.its('length').should('be.gt', 2);",
              "err": {},
              "uuid": "11fd185c-4160-4c77-b2cd-f24b28a0ab44",
              "parentUUID": "f5d2d3cf-a83f-4c4d-827d-a2baabece550",
              "isHook": false,
              "skipped": false
            },
            {
              "title": ".invoke() - invoke a function on the current subject",
              "fullTitle": "Connectors .invoke() - invoke a function on the current subject",
              "timedOut": null,
              "duration": 228,
              "state": "passed",
              "speed": "fast",
              "pass": true,
              "fail": false,
              "pending": false,
              "context": null,
              "code": "// our div is hidden in our script.js\n// $('.connectors-div').hide()\ncy.get('.connectors-div').should('be.hidden');\n// https://on.cypress.io/invoke\n// call the jquery method 'show' on the 'div.container'\ncy.get('.connectors-div').invoke('show');\ncy.get('.connectors-div').should('be.visible');",
              "err": {},
              "uuid": "ae47d491-08e3-47ec-a19f-417d0312e0ef",
              "parentUUID": "f5d2d3cf-a83f-4c4d-827d-a2baabece550",
              "isHook": false,
              "skipped": false
            },
            {
              "title": ".spread() - spread an array as individual args to callback function",
              "fullTitle": "Connectors .spread() - spread an array as individual args to callback function",
              "timedOut": null,
              "duration": 225,
              "state": "passed",
              "speed": "fast",
              "pass": true,
              "fail": false,
              "pending": false,
              "context": null,
              "code": "// https://on.cypress.io/spread\nconst arr = ['foo', 'bar', 'baz'];\ncy.wrap(arr).spread((foo, bar, baz) => {\n  expect(foo).to.eq('foo');\n  expect(bar).to.eq('bar');\n  expect(baz).to.eq('baz');\n});",
              "err": {},
              "uuid": "2453b5f9-fa07-4d48-8548-344bf15c179b",
              "parentUUID": "f5d2d3cf-a83f-4c4d-827d-a2baabece550",
              "isHook": false,
              "skipped": false
            }
          ],
          "suites": [
            {
              "uuid": "384fd97c-0486-4509-be87-7ab9b5336c62",
              "title": ".then()",
              "fullFile": "",
              "file": "",
              "beforeHooks": [],
              "afterHooks": [],
              "tests": [
                {
                  "title": "invokes a callback function with the current subject",
                  "fullTitle": "Connectors .then() invokes a callback function with the current subject",
                  "timedOut": null,
                  "duration": 231,
                  "state": "passed",
                  "speed": "fast",
                  "pass": true,
                  "fail": false,
                  "pending": false,
                  "context": null,
                  "code": "// https://on.cypress.io/then\ncy.get('.connectors-list > li').then($lis => {\n  expect($lis, '3 items').to.have.length(3);\n  expect($lis.eq(0), 'first item').to.contain('Walk the dog');\n  expect($lis.eq(1), 'second item').to.contain('Feed the cat');\n  expect($lis.eq(2), 'third item').to.contain('Write JavaScript');\n});",
                  "err": {},
                  "uuid": "82db13d0-2a8f-444e-95da-d3004211c5f4",
                  "parentUUID": "384fd97c-0486-4509-be87-7ab9b5336c62",
                  "isHook": false,
                  "skipped": false
                },
                {
                  "title": "yields the returned value to the next command",
                  "fullTitle": "Connectors .then() yields the returned value to the next command",
                  "timedOut": null,
                  "duration": 222,
                  "state": "passed",
                  "speed": "fast",
                  "pass": true,
                  "fail": false,
                  "pending": false,
                  "context": null,
                  "code": "cy.wrap(1).then(num => {\n  expect(num).to.equal(1);\n  return 2;\n}).then(num => {\n  expect(num).to.equal(2);\n});",
                  "err": {},
                  "uuid": "7dfeae0c-29e7-4f79-8c3e-825810eebb13",
                  "parentUUID": "384fd97c-0486-4509-be87-7ab9b5336c62",
                  "isHook": false,
                  "skipped": false
                },
                {
                  "title": "yields the original subject without return",
                  "fullTitle": "Connectors .then() yields the original subject without return",
                  "timedOut": null,
                  "duration": 202,
                  "state": "passed",
                  "speed": "fast",
                  "pass": true,
                  "fail": false,
                  "pending": false,
                  "context": null,
                  "code": "cy.wrap(1).then(num => {\n  expect(num).to.equal(1);\n  // note that nothing is returned from this callback\n}).then(num => {\n  // this callback receives the original unchanged value 1\n  expect(num).to.equal(1);\n});",
                  "err": {},
                  "uuid": "259eca51-daf9-4ab5-8702-7a914dd008e1",
                  "parentUUID": "384fd97c-0486-4509-be87-7ab9b5336c62",
                  "isHook": false,
                  "skipped": false
                },
                {
                  "title": "yields the value yielded by the last Cypress command inside",
                  "fullTitle": "Connectors .then() yields the value yielded by the last Cypress command inside",
                  "timedOut": null,
                  "duration": 231,
                  "state": "passed",
                  "speed": "fast",
                  "pass": true,
                  "fail": false,
                  "pending": false,
                  "context": null,
                  "code": "cy.wrap(1).then(num => {\n  expect(num).to.equal(1);\n  // note how we run a Cypress command\n  // the result yielded by this Cypress command\n  // will be passed to the second \".then\"\n  cy.wrap(2);\n}).then(num => {\n  // this callback receives the value yielded by \"cy.wrap(2)\"\n  expect(num).to.equal(2);\n});",
                  "err": {},
                  "uuid": "1a136dac-4ad3-40c3-8934-1c455a780b32",
                  "parentUUID": "384fd97c-0486-4509-be87-7ab9b5336c62",
                  "isHook": false,
                  "skipped": false
                }
              ],
              "suites": [],
              "passes": [
                "82db13d0-2a8f-444e-95da-d3004211c5f4",
                "7dfeae0c-29e7-4f79-8c3e-825810eebb13",
                "259eca51-daf9-4ab5-8702-7a914dd008e1",
                "1a136dac-4ad3-40c3-8934-1c455a780b32"
              ],
              "failures": [],
              "pending": [],
              "skipped": [],
              "duration": 886,
              "root": false,
              "rootEmpty": false,
              "_timeout": 2000
            }
          ],
          "passes": [
            "35aac3f7-886a-4840-827a-8be991ff5c8a",
            "11fd185c-4160-4c77-b2cd-f24b28a0ab44",
            "ae47d491-08e3-47ec-a19f-417d0312e0ef",
            "2453b5f9-fa07-4d48-8548-344bf15c179b"
          ],
          "failures": [],
          "pending": [],
          "skipped": [],
          "duration": 1360,
          "root": false,
          "rootEmpty": false,
          "_timeout": 2000
        }
      ],
      "passes": [],
      "failures": [],
      "pending": [],
      "skipped": [],
      "duration": 0,
      "root": true,
      "rootEmpty": true,
      "_timeout": 2000
    },
    {
      "uuid": "928776fd-ea28-42f8-989b-7eef1f1fd533",
      "title": "",
      "fullFile": "cypress\\e2e\\2-advanced-examples\\cookies.cy.js",
      "file": "cypress\\e2e\\2-advanced-examples\\cookies.cy.js",
      "beforeHooks": [],
      "afterHooks": [],
      "tests": [],
      "suites": [
        {
          "uuid": "a04280a9-6bb5-467e-99aa-875b1efb2691",
          "title": "Cookies",
          "fullFile": "",
          "file": "",
          "beforeHooks": [],
          "afterHooks": [],
          "tests": [
            {
              "title": "cy.getCookie() - get a browser cookie",
              "fullTitle": "Cookies cy.getCookie() - get a browser cookie",
              "timedOut": null,
              "duration": 804,
              "state": "passed",
              "speed": "fast",
              "pass": true,
              "fail": false,
              "pending": false,
              "context": null,
              "code": "// https://on.cypress.io/getcookie\ncy.get('#getCookie .set-a-cookie').click();\n// cy.getCookie() yields a cookie object\ncy.getCookie('token').should('have.property', 'value', '123ABC');",
              "err": {},
              "uuid": "11a5af3f-2c6c-46a4-a026-a11c67a9d335",
              "parentUUID": "a04280a9-6bb5-467e-99aa-875b1efb2691",
              "isHook": false,
              "skipped": false
            },
            {
              "title": "cy.getCookies() - get browser cookies for the current domain",
              "fullTitle": "Cookies cy.getCookies() - get browser cookies for the current domain",
              "timedOut": null,
              "duration": 361,
              "state": "passed",
              "speed": "fast",
              "pass": true,
              "fail": false,
              "pending": false,
              "context": null,
              "code": "// https://on.cypress.io/getcookies\ncy.getCookies().should('be.empty');\ncy.get('#getCookies .set-a-cookie').click();\n// cy.getCookies() yields an array of cookies\ncy.getCookies().should('have.length', 1).should(cookies => {\n  // each cookie has these properties\n  expect(cookies[0]).to.have.property('name', 'token');\n  expect(cookies[0]).to.have.property('value', '123ABC');\n  expect(cookies[0]).to.have.property('httpOnly', false);\n  expect(cookies[0]).to.have.property('secure', false);\n  expect(cookies[0]).to.have.property('domain');\n  expect(cookies[0]).to.have.property('path');\n});",
              "err": {},
              "uuid": "c1343bc9-7578-43d0-9cac-de946c76617c",
              "parentUUID": "a04280a9-6bb5-467e-99aa-875b1efb2691",
              "isHook": false,
              "skipped": false
            },
            {
              "title": "cy.getAllCookies() - get all browser cookies",
              "fullTitle": "Cookies cy.getAllCookies() - get all browser cookies",
              "timedOut": null,
              "duration": 263,
              "state": "passed",
              "speed": "fast",
              "pass": true,
              "fail": false,
              "pending": false,
              "context": null,
              "code": "// https://on.cypress.io/getallcookies\ncy.getAllCookies().should('be.empty');\ncy.setCookie('key', 'value');\ncy.setCookie('key', 'value', {\n  domain: '.example.com'\n});\n// cy.getAllCookies() yields an array of cookies\ncy.getAllCookies().should('have.length', 2).should(cookies => {\n  // each cookie has these properties\n  expect(cookies[0]).to.have.property('name', 'key');\n  expect(cookies[0]).to.have.property('value', 'value');\n  expect(cookies[0]).to.have.property('httpOnly', false);\n  expect(cookies[0]).to.have.property('secure', false);\n  expect(cookies[0]).to.have.property('domain');\n  expect(cookies[0]).to.have.property('path');\n  expect(cookies[1]).to.have.property('name', 'key');\n  expect(cookies[1]).to.have.property('value', 'value');\n  expect(cookies[1]).to.have.property('httpOnly', false);\n  expect(cookies[1]).to.have.property('secure', false);\n  expect(cookies[1]).to.have.property('domain', '.example.com');\n  expect(cookies[1]).to.have.property('path');\n});",
              "err": {},
              "uuid": "40d18435-5293-457f-b49a-b2081f6a57db",
              "parentUUID": "a04280a9-6bb5-467e-99aa-875b1efb2691",
              "isHook": false,
              "skipped": false
            },
            {
              "title": "cy.setCookie() - set a browser cookie",
              "fullTitle": "Cookies cy.setCookie() - set a browser cookie",
              "timedOut": null,
              "duration": 255,
              "state": "passed",
              "speed": "fast",
              "pass": true,
              "fail": false,
              "pending": false,
              "context": null,
              "code": "// https://on.cypress.io/setcookie\ncy.getCookies().should('be.empty');\ncy.setCookie('foo', 'bar');\n// cy.getCookie() yields a cookie object\ncy.getCookie('foo').should('have.property', 'value', 'bar');",
              "err": {},
              "uuid": "79dc509b-27ad-43b7-b22d-1b7231412bf7",
              "parentUUID": "a04280a9-6bb5-467e-99aa-875b1efb2691",
              "isHook": false,
              "skipped": false
            },
            {
              "title": "cy.clearCookie() - clear a browser cookie",
              "fullTitle": "Cookies cy.clearCookie() - clear a browser cookie",
              "timedOut": null,
              "duration": 350,
              "state": "passed",
              "speed": "fast",
              "pass": true,
              "fail": false,
              "pending": false,
              "context": null,
              "code": "// https://on.cypress.io/clearcookie\ncy.getCookie('token').should('be.null');\ncy.get('#clearCookie .set-a-cookie').click();\ncy.getCookie('token').should('have.property', 'value', '123ABC');\n// cy.clearCookies() yields null\ncy.clearCookie('token');\ncy.getCookie('token').should('be.null');",
              "err": {},
              "uuid": "dc63d8f1-a38a-4c4b-9d96-3fc848180bb3",
              "parentUUID": "a04280a9-6bb5-467e-99aa-875b1efb2691",
              "isHook": false,
              "skipped": false
            },
            {
              "title": "cy.clearCookies() - clear browser cookies for the current domain",
              "fullTitle": "Cookies cy.clearCookies() - clear browser cookies for the current domain",
              "timedOut": null,
              "duration": 318,
              "state": "passed",
              "speed": "fast",
              "pass": true,
              "fail": false,
              "pending": false,
              "context": null,
              "code": "// https://on.cypress.io/clearcookies\ncy.getCookies().should('be.empty');\ncy.get('#clearCookies .set-a-cookie').click();\ncy.getCookies().should('have.length', 1);\n// cy.clearCookies() yields null\ncy.clearCookies();\ncy.getCookies().should('be.empty');",
              "err": {},
              "uuid": "cc32fbbd-829c-4f53-bb86-5a043bd46477",
              "parentUUID": "a04280a9-6bb5-467e-99aa-875b1efb2691",
              "isHook": false,
              "skipped": false
            },
            {
              "title": "cy.clearAllCookies() - clear all browser cookies",
              "fullTitle": "Cookies cy.clearAllCookies() - clear all browser cookies",
              "timedOut": null,
              "duration": 260,
              "state": "passed",
              "speed": "fast",
              "pass": true,
              "fail": false,
              "pending": false,
              "context": null,
              "code": "// https://on.cypress.io/clearallcookies\ncy.getAllCookies().should('be.empty');\ncy.setCookie('key', 'value');\ncy.setCookie('key', 'value', {\n  domain: '.example.com'\n});\ncy.getAllCookies().should('have.length', 2);\n// cy.clearAllCookies() yields null\ncy.clearAllCookies();\ncy.getAllCookies().should('be.empty');",
              "err": {},
              "uuid": "12793a45-7385-41c4-90ee-de8bb09a270e",
              "parentUUID": "a04280a9-6bb5-467e-99aa-875b1efb2691",
              "isHook": false,
              "skipped": false
            }
          ],
          "suites": [],
          "passes": [
            "11a5af3f-2c6c-46a4-a026-a11c67a9d335",
            "c1343bc9-7578-43d0-9cac-de946c76617c",
            "40d18435-5293-457f-b49a-b2081f6a57db",
            "79dc509b-27ad-43b7-b22d-1b7231412bf7",
            "dc63d8f1-a38a-4c4b-9d96-3fc848180bb3",
            "cc32fbbd-829c-4f53-bb86-5a043bd46477",
            "12793a45-7385-41c4-90ee-de8bb09a270e"
          ],
          "failures": [],
          "pending": [],
          "skipped": [],
          "duration": 2611,
          "root": false,
          "rootEmpty": false,
          "_timeout": 2000
        }
      ],
      "passes": [],
      "failures": [],
      "pending": [],
      "skipped": [],
      "duration": 0,
      "root": true,
      "rootEmpty": true,
      "_timeout": 2000
    },
    {
      "uuid": "053e52fb-1cc2-4bb9-960d-409b7a1d29d9",
      "title": "",
      "fullFile": "cypress\\e2e\\2-advanced-examples\\cypress_api.cy.js",
      "file": "cypress\\e2e\\2-advanced-examples\\cypress_api.cy.js",
      "beforeHooks": [],
      "afterHooks": [],
      "tests": [],
      "suites": [
        {
          "uuid": "335178a5-f054-4b83-bfb3-ccef070834b0",
          "title": "Cypress APIs",
          "fullFile": "",
          "file": "",
          "beforeHooks": [],
          "afterHooks": [],
          "tests": [],
          "suites": [
            {
              "uuid": "87a25f84-7a88-449d-8541-dcca94a1a906",
              "title": "Cypress.Commands",
              "fullFile": "",
              "file": "",
              "beforeHooks": [],
              "afterHooks": [],
              "tests": [
                {
                  "title": ".add() - create a custom command",
                  "fullTitle": "Cypress APIs Cypress.Commands .add() - create a custom command",
                  "timedOut": null,
                  "duration": 625,
                  "state": "passed",
                  "speed": "fast",
                  "pass": true,
                  "fail": false,
                  "pending": false,
                  "context": null,
                  "code": "Cypress.Commands.add('console', {\n  prevSubject: true\n}, (subject, method) => {\n  // the previous subject is automatically received\n  // and the commands arguments are shifted\n  // allow us to change the console method used\n  method = method || 'log';\n  // log the subject to the console\n  console[method]('The subject is', subject);\n  // whatever we return becomes the new subject\n  // we don't want to change the subject so\n  // we return whatever was passed in\n  return subject;\n});\ncy.get('button').console('info').then($button => {\n  // subject is still $button\n});",
                  "err": {},
                  "uuid": "16698271-9efc-4ba2-a51a-c565be6d3fbf",
                  "parentUUID": "87a25f84-7a88-449d-8541-dcca94a1a906",
                  "isHook": false,
                  "skipped": false
                }
              ],
              "suites": [],
              "passes": [
                "16698271-9efc-4ba2-a51a-c565be6d3fbf"
              ],
              "failures": [],
              "pending": [],
              "skipped": [],
              "duration": 625,
              "root": false,
              "rootEmpty": false,
              "_timeout": 2000
            },
            {
              "uuid": "85cc35a7-b1f7-4174-a2ed-0ba5ca2b4e3c",
              "title": "Cypress.Cookies",
              "fullFile": "",
              "file": "",
              "beforeHooks": [],
              "afterHooks": [],
              "tests": [
                {
                  "title": ".debug() - enable or disable debugging",
                  "fullTitle": "Cypress APIs Cypress.Cookies .debug() - enable or disable debugging",
                  "timedOut": null,
                  "duration": 250,
                  "state": "passed",
                  "speed": "fast",
                  "pass": true,
                  "fail": false,
                  "pending": false,
                  "context": null,
                  "code": "Cypress.Cookies.debug(true);\n// Cypress will now log in the console when\n// cookies are set or cleared\ncy.setCookie('fakeCookie', '123ABC');\ncy.clearCookie('fakeCookie');\ncy.setCookie('fakeCookie', '123ABC');\ncy.clearCookie('fakeCookie');\ncy.setCookie('fakeCookie', '123ABC');",
                  "err": {},
                  "uuid": "b5dbc2bb-45e9-4b25-83fc-0e590a798316",
                  "parentUUID": "85cc35a7-b1f7-4174-a2ed-0ba5ca2b4e3c",
                  "isHook": false,
                  "skipped": false
                }
              ],
              "suites": [],
              "passes": [
                "b5dbc2bb-45e9-4b25-83fc-0e590a798316"
              ],
              "failures": [],
              "pending": [],
              "skipped": [],
              "duration": 250,
              "root": false,
              "rootEmpty": false,
              "_timeout": 2000
            },
            {
              "uuid": "18437fff-cced-48e5-b5db-5678bf119435",
              "title": "Cypress.arch",
              "fullFile": "",
              "file": "",
              "beforeHooks": [],
              "afterHooks": [],
              "tests": [
                {
                  "title": "Get CPU architecture name of underlying OS",
                  "fullTitle": "Cypress APIs Cypress.arch Get CPU architecture name of underlying OS",
                  "timedOut": null,
                  "duration": 236,
                  "state": "passed",
                  "speed": "fast",
                  "pass": true,
                  "fail": false,
                  "pending": false,
                  "context": null,
                  "code": "// https://on.cypress.io/arch\nexpect(Cypress.arch).to.exist;",
                  "err": {},
                  "uuid": "a8c405ed-5f28-4bde-ab5b-94f7b672a98f",
                  "parentUUID": "18437fff-cced-48e5-b5db-5678bf119435",
                  "isHook": false,
                  "skipped": false
                }
              ],
              "suites": [],
              "passes": [
                "a8c405ed-5f28-4bde-ab5b-94f7b672a98f"
              ],
              "failures": [],
              "pending": [],
              "skipped": [],
              "duration": 236,
              "root": false,
              "rootEmpty": false,
              "_timeout": 2000
            },
            {
              "uuid": "9d6c8aad-fb8c-4d28-a6f1-f907e7a91d39",
              "title": "Cypress.config()",
              "fullFile": "",
              "file": "",
              "beforeHooks": [],
              "afterHooks": [],
              "tests": [
                {
                  "title": "Get and set configuration options",
                  "fullTitle": "Cypress APIs Cypress.config() Get and set configuration options",
                  "timedOut": null,
                  "duration": 450,
                  "state": "failed",
                  "speed": null,
                  "pass": false,
                  "fail": true,
                  "pending": false,
                  "context": null,
                  "code": "// https://on.cypress.io/config\nlet myConfig = Cypress.config();\nexpect(myConfig).to.have.property('animationDistanceThreshold', 5);\nexpect(myConfig).to.have.property('baseUrl', null);\nexpect(myConfig).to.have.property('defaultCommandTimeout', 4000);\nexpect(myConfig).to.have.property('requestTimeout', 5000);\nexpect(myConfig).to.have.property('responseTimeout', 30000);\nexpect(myConfig).to.have.property('viewportHeight', 660);\nexpect(myConfig).to.have.property('viewportWidth', 1000);\nexpect(myConfig).to.have.property('pageLoadTimeout', 60000);\nexpect(myConfig).to.have.property('waitForAnimations', true);\nexpect(Cypress.config('pageLoadTimeout')).to.eq(60000);\n// this will change the config for the rest of your tests!\nCypress.config('pageLoadTimeout', 20000);\nexpect(Cypress.config('pageLoadTimeout')).to.eq(20000);\nCypress.config('pageLoadTimeout', 60000);",
                  "err": {
                    "message": "AssertionError: expected { Object (retries, reporter, ...) } to have property 'baseUrl' of null, but got 'https://qauto.forstudy.space/'",
                    "estack": "AssertionError: expected { Object (retries, reporter, ...) } to have property 'baseUrl' of null, but got 'https://qauto.forstudy.space/'\n    at Context.eval (webpack://aqa_cypress/./cypress/e2e/2-advanced-examples/cypress_api.cy.js:76:31)",
                    "diff": null
                  },
                  "uuid": "f588f41d-2073-4389-9438-f516c19860b7",
                  "parentUUID": "9d6c8aad-fb8c-4d28-a6f1-f907e7a91d39",
                  "isHook": false,
                  "skipped": false
                }
              ],
              "suites": [],
              "passes": [],
              "failures": [
                "f588f41d-2073-4389-9438-f516c19860b7"
              ],
              "pending": [],
              "skipped": [],
              "duration": 450,
              "root": false,
              "rootEmpty": false,
              "_timeout": 2000
            },
            {
              "uuid": "de8b30b7-ee72-42b0-b2a9-17c930efd571",
              "title": "Cypress.dom",
              "fullFile": "",
              "file": "",
              "beforeHooks": [],
              "afterHooks": [],
              "tests": [
                {
                  "title": ".isHidden() - determine if a DOM element is hidden",
                  "fullTitle": "Cypress APIs Cypress.dom .isHidden() - determine if a DOM element is hidden",
                  "timedOut": null,
                  "duration": 226,
                  "state": "passed",
                  "speed": "fast",
                  "pass": true,
                  "fail": false,
                  "pending": false,
                  "context": null,
                  "code": "let hiddenP = Cypress.$('.dom-p p.hidden').get(0);\nlet visibleP = Cypress.$('.dom-p p.visible').get(0);\n// our first paragraph has css class 'hidden'\nexpect(Cypress.dom.isHidden(hiddenP)).to.be.true;\nexpect(Cypress.dom.isHidden(visibleP)).to.be.false;",
                  "err": {},
                  "uuid": "f7143993-470f-400e-a9fd-39a21079e238",
                  "parentUUID": "de8b30b7-ee72-42b0-b2a9-17c930efd571",
                  "isHook": false,
                  "skipped": false
                }
              ],
              "suites": [],
              "passes": [
                "f7143993-470f-400e-a9fd-39a21079e238"
              ],
              "failures": [],
              "pending": [],
              "skipped": [],
              "duration": 226,
              "root": false,
              "rootEmpty": false,
              "_timeout": 2000
            },
            {
              "uuid": "910aa994-da61-493c-b7a3-5bb66e2fbbe9",
              "title": "Cypress.env()",
              "fullFile": "",
              "file": "",
              "beforeHooks": [],
              "afterHooks": [],
              "tests": [
                {
                  "title": "Get environment variables",
                  "fullTitle": "Cypress APIs Cypress.env() Get environment variables",
                  "timedOut": null,
                  "duration": 221,
                  "state": "passed",
                  "speed": "fast",
                  "pass": true,
                  "fail": false,
                  "pending": false,
                  "context": null,
                  "code": "// https://on.cypress.io/env\n// set multiple environment variables\nCypress.env({\n  host: 'veronica.dev.local',\n  api_server: 'http://localhost:8888/v1/'\n});\n// get environment variable\nexpect(Cypress.env('host')).to.eq('veronica.dev.local');\n// set environment variable\nCypress.env('api_server', 'http://localhost:8888/v2/');\nexpect(Cypress.env('api_server')).to.eq('http://localhost:8888/v2/');\n// get all environment variable\nexpect(Cypress.env()).to.have.property('host', 'veronica.dev.local');\nexpect(Cypress.env()).to.have.property('api_server', 'http://localhost:8888/v2/');",
                  "err": {},
                  "uuid": "6f20edb5-7068-4b69-b4ea-a2994c9e90fb",
                  "parentUUID": "910aa994-da61-493c-b7a3-5bb66e2fbbe9",
                  "isHook": false,
                  "skipped": false
                }
              ],
              "suites": [],
              "passes": [
                "6f20edb5-7068-4b69-b4ea-a2994c9e90fb"
              ],
              "failures": [],
              "pending": [],
              "skipped": [],
              "duration": 221,
              "root": false,
              "rootEmpty": false,
              "_timeout": 2000
            },
            {
              "uuid": "73a24a68-6b12-4921-b803-81cbdceded74",
              "title": "Cypress.log",
              "fullFile": "",
              "file": "",
              "beforeHooks": [],
              "afterHooks": [],
              "tests": [
                {
                  "title": "Control what is printed to the Command Log",
                  "fullTitle": "Cypress APIs Cypress.log Control what is printed to the Command Log",
                  "timedOut": null,
                  "duration": 199,
                  "state": "passed",
                  "speed": "fast",
                  "pass": true,
                  "fail": false,
                  "pending": false,
                  "context": null,
                  "code": "// https://on.cypress.io/cypress-log",
                  "err": {},
                  "uuid": "61cce5e2-9598-42aa-b9a7-f30d0d52ab77",
[...]
                  "parentUUID": "250516dc-d656-4b23-ad9c-cfdcefffe64e",
                  "isHook": false,
                  "skipped": false
                },
                {
                  "title": "Invalid password without capital letter should show error message",
                  "fullTitle": "Check registration form 'Password' field validation Invalid password without capital letter should show error message",
                  "timedOut": null,
                  "duration": 0,
                  "state": "pending",
                  "speed": null,
                  "pass": false,
                  "fail": false,
                  "pending": true,
                  "context": null,
                  "code": "cy.get('.modal-content').first().within(() => {\n  cy.get('#signupPassword').type(input.password).should('have.value', input.password).blur();\n  if (expected.message) {\n    cy.get('.invalid-feedback').should('have.text', expected.message);\n    cy.get('#signupPassword').should('have.css', 'border-color', 'rgb(220, 53, 69)');\n  } else {\n    cy.get('.invalid-feedback').should('not.exist');\n  }\n});",
                  "err": {},
                  "uuid": "bab1a431-d596-4957-b108-dcfdad6c4d83",
                  "parentUUID": "250516dc-d656-4b23-ad9c-cfdcefffe64e",
                  "isHook": false,
                  "skipped": false
                },
                {
                  "title": "Invalid password without number should show error message",
                  "fullTitle": "Check registration form 'Password' field validation Invalid password without number should show error message",
                  "timedOut": null,
                  "duration": 0,
                  "state": "pending",
                  "speed": null,
                  "pass": false,
                  "fail": false,
                  "pending": true,
                  "context": null,
                  "code": "cy.get('.modal-content').first().within(() => {\n  cy.get('#signupPassword').type(input.password).should('have.value', input.password).blur();\n  if (expected.message) {\n    cy.get('.invalid-feedback').should('have.text', expected.message);\n    cy.get('#signupPassword').should('have.css', 'border-color', 'rgb(220, 53, 69)');\n  } else {\n    cy.get('.invalid-feedback').should('not.exist');\n  }\n});",
                  "err": {},
                  "uuid": "5cf09f8c-63f7-4bf5-bfb7-95645113af29",
                  "parentUUID": "250516dc-d656-4b23-ad9c-cfdcefffe64e",
                  "isHook": false,
                  "skipped": false
                },
                {
                  "title": "Invalid password without small letter should show error message",
                  "fullTitle": "Check registration form 'Password' field validation Invalid password without small letter should show error message",
                  "timedOut": null,
                  "duration": 0,
                  "state": "pending",
                  "speed": null,
                  "pass": false,
                  "fail": false,
                  "pending": true,
                  "context": null,
                  "code": "cy.get('.modal-content').first().within(() => {\n  cy.get('#signupPassword').type(input.password).should('have.value', input.password).blur();\n  if (expected.message) {\n    cy.get('.invalid-feedback').should('have.text', expected.message);\n    cy.get('#signupPassword').should('have.css', 'border-color', 'rgb(220, 53, 69)');\n  } else {\n    cy.get('.invalid-feedback').should('not.exist');\n  }\n});",
                  "err": {},
                  "uuid": "ea01dbd1-0945-4951-8f22-5161301504b7",
                  "parentUUID": "250516dc-d656-4b23-ad9c-cfdcefffe64e",
                  "isHook": false,
                  "skipped": false
                },
                {
                  "title": "Valid password with maximum required chars, capital letter, small letter and number should be accepted",
                  "fullTitle": "Check registration form 'Password' field validation Valid password with maximum required chars, capital letter, small letter and number should be accepted",
                  "timedOut": null,
                  "duration": 0,
                  "state": "pending",
                  "speed": null,
                  "pass": false,
                  "fail": false,
                  "pending": true,
                  "context": null,
                  "code": "cy.get('.modal-content').first().within(() => {\n  cy.get('#signupPassword').type(input.password).should('have.value', input.password).blur();\n  if (expected.message) {\n    cy.get('.invalid-feedback').should('have.text', expected.message);\n    cy.get('#signupPassword').should('have.css', 'border-color', 'rgb(220, 53, 69)');\n  } else {\n    cy.get('.invalid-feedback').should('not.exist');\n  }\n});",
                  "err": {},
                  "uuid": "16969d25-f44d-4769-baa8-6f85dc1aad0b",
                  "parentUUID": "250516dc-d656-4b23-ad9c-cfdcefffe64e",
                  "isHook": false,
                  "skipped": false
                },
                {
                  "title": "Invalid password with more than maximum required chars should show error message",
                  "fullTitle": "Check registration form 'Password' field validation Invalid password with more than maximum required chars should show error message",
                  "timedOut": null,
                  "duration": 0,
                  "state": "pending",
                  "speed": null,
                  "pass": false,
                  "fail": false,
                  "pending": true,
                  "context": null,
                  "code": "cy.get('.modal-content').first().within(() => {\n  cy.get('#signupPassword').type(input.password).should('have.value', input.password).blur();\n  if (expected.message) {\n    cy.get('.invalid-feedback').should('have.text', expected.message);\n    cy.get('#signupPassword').should('have.css', 'border-color', 'rgb(220, 53, 69)');\n  } else {\n    cy.get('.invalid-feedback').should('not.exist');\n  }\n});",
                  "err": {},
                  "uuid": "b1000efe-40d9-43e3-89a7-d9774d21cbde",
                  "parentUUID": "250516dc-d656-4b23-ad9c-cfdcefffe64e",
                  "isHook": false,
                  "skipped": false
                },
                {
                  "title": "Empty 'Password' field should show error message",
                  "fullTitle": "Check registration form 'Password' field validation Empty 'Password' field should show error message",
                  "timedOut": null,
                  "duration": 0,
                  "state": "pending",
                  "speed": null,
                  "pass": false,
                  "fail": false,
                  "pending": true,
                  "context": null,
                  "code": "cy.get('.modal-content').first().within(() => {\n  cy.get('#signupPassword').focus().blur().should('have.css', 'border-color', 'rgb(220, 53, 69)');\n  cy.get('.invalid-feedback').should('have.text', 'Password required');\n});",
                  "err": {},
                  "uuid": "5ecfb3b8-35dc-4280-a226-d5ca535ed295",
                  "parentUUID": "250516dc-d656-4b23-ad9c-cfdcefffe64e",
                  "isHook": false,
                  "skipped": false
                }
              ],
              "suites": [],
              "passes": [],
              "failures": [],
              "pending": [
                "56818dd0-85e2-433a-9e06-52f5ede70868",
                "cd1f4dd9-0bee-43fc-a028-a79a12a59171",
                "7b06c34b-5267-4d0b-832e-80d0bee3f925",
                "4955e4db-c742-4b78-a858-4908961e42cf",
                "bab1a431-d596-4957-b108-dcfdad6c4d83",
                "5cf09f8c-63f7-4bf5-bfb7-95645113af29",
                "ea01dbd1-0945-4951-8f22-5161301504b7",
                "16969d25-f44d-4769-baa8-6f85dc1aad0b",
                "b1000efe-40d9-43e3-89a7-d9774d21cbde",
                "5ecfb3b8-35dc-4280-a226-d5ca535ed295"
              ],
              "skipped": [],
              "duration": 0,
              "root": false,
              "rootEmpty": false,
              "_timeout": 2000
            },
            {
              "uuid": "87bc4223-f6ef-4107-889d-016d7edb541a",
              "title": "'Re-enter password' field validation",
              "fullFile": "",
              "file": "",
              "beforeHooks": [],
              "afterHooks": [],
              "tests": [
                {
                  "title": "Valid matching password should be accepted",
                  "fullTitle": "Check registration form 'Re-enter password' field validation Valid matching password should be accepted",
                  "timedOut": null,
                  "duration": 0,
                  "state": "pending",
                  "speed": null,
                  "pass": false,
                  "fail": false,
                  "pending": true,
                  "context": null,
                  "code": "cy.get('.modal-content').first().within(() => {\n  cy.get('#signupPassword').type(input.password).should('have.value', input.password).blur();\n  cy.get('#signupRepeatPassword').type(input.reEnterPassword).should('have.value', input.reEnterPassword).blur();\n  if (expected.message) {\n    cy.get('.invalid-feedback').should('have.text', expected.message);\n    cy.get('#signupPassword').should('have.css', 'border-color', 'rgb(220, 53, 69)');\n  } else {\n    cy.get('.invalid-feedback').should('not.exist');\n  }\n});",
                  "err": {},
                  "uuid": "9e477d82-2e94-49dc-9c5f-da8ff9047549",
                  "parentUUID": "87bc4223-f6ef-4107-889d-016d7edb541a",
                  "isHook": false,
                  "skipped": false
                },
                {
                  "title": "Invalid non-matching password should show error message",
                  "fullTitle": "Check registration form 'Re-enter password' field validation Invalid non-matching password should show error message",
                  "timedOut": null,
                  "duration": 0,
                  "state": "pending",
                  "speed": null,
                  "pass": false,
                  "fail": false,
                  "pending": true,
                  "context": null,
                  "code": "cy.get('.modal-content').first().within(() => {\n  cy.get('#signupPassword').type(input.password).should('have.value', input.password).blur();\n  cy.get('#signupRepeatPassword').type(input.reEnterPassword).should('have.value', input.reEnterPassword).blur();\n  if (expected.message) {\n    cy.get('.invalid-feedback').should('have.text', expected.message);\n    cy.get('#signupPassword').should('have.css', 'border-color', 'rgb(220, 53, 69)');\n  } else {\n    cy.get('.invalid-feedback').should('not.exist');\n  }\n});",
                  "err": {},
                  "uuid": "fb5770c9-1b71-43b1-b83e-eee57d7aa46c",
                  "parentUUID": "87bc4223-f6ef-4107-889d-016d7edb541a",
                  "isHook": false,
                  "skipped": false
                },
                {
                  "title": "Empty 'Re-enter password' field should show error message",
                  "fullTitle": "Check registration form 'Re-enter password' field validation Empty 'Re-enter password' field should show error message",
                  "timedOut": null,
                  "duration": 0,
                  "state": "pending",
                  "speed": null,
                  "pass": false,
                  "fail": false,
                  "pending": true,
                  "context": null,
                  "code": "cy.get('.modal-content').first().within(() => {\n  cy.get('#signupRepeatPassword').focus().blur().should('have.css', 'border-color', 'rgb(220, 53, 69)');\n  cy.get('.invalid-feedback').should('have.text', 'Re-enter password required');\n});",
                  "err": {},
                  "uuid": "865d78e1-343a-4833-a190-c8fae3ef92c6",
                  "parentUUID": "87bc4223-f6ef-4107-889d-016d7edb541a",
                  "isHook": false,
                  "skipped": false
                }
              ],
              "suites": [],
              "passes": [],
              "failures": [],
              "pending": [
                "9e477d82-2e94-49dc-9c5f-da8ff9047549",
                "fb5770c9-1b71-43b1-b83e-eee57d7aa46c",
                "865d78e1-343a-4833-a190-c8fae3ef92c6"
              ],
              "skipped": [],
              "duration": 0,
              "root": false,
              "rootEmpty": false,
              "_timeout": 2000
            },
            {
              "uuid": "0583c6ae-76d3-4b65-9804-ed82d123d225",
              "title": "'Register' button functionality",
              "fullFile": "",
              "file": "",
              "beforeHooks": [],
              "afterHooks": [],
              "tests": [
                {
                  "title": "Button should be disabled when fields are empty",
                  "fullTitle": "Check registration form 'Register' button functionality Button should be disabled when fields are empty",
                  "timedOut": null,
                  "duration": 0,
                  "state": "pending",
                  "speed": null,
                  "pass": false,
                  "fail": false,
                  "pending": true,
                  "context": null,
                  "code": "cy.get('.modal-content').first().within(() => {\n  cy.get('.btn-primary').should(\"contain\", \"Register\").and('be.disabled');\n});",
                  "err": {},
                  "uuid": "970352a2-be12-4bea-ac88-36a9472bc323",
                  "parentUUID": "0583c6ae-76d3-4b65-9804-ed82d123d225",
                  "isHook": false,
                  "skipped": false
                },
                {
                  "title": "Button should be disabled when fields are incorrect",
                  "fullTitle": "Check registration form 'Register' button functionality Button should be disabled when fields are incorrect",
                  "timedOut": null,
                  "duration": 0,
                  "state": "pending",
                  "speed": null,
                  "pass": false,
                  "fail": false,
                  "pending": true,
                  "context": null,
                  "code": "const user = _fullUsers.default[1];\ncy.get('.modal-content').first().within(() => {\n  cy.get('#signupName').should('be.visible').type(user.input.name);\n  cy.get('#signupLastName').should('be.visible').type(user.input.lastName);\n  cy.get('#signupEmail').should('be.visible').type(user.input.email);\n  cy.get('#signupPassword').should('be.visible').type(user.input.password);\n  cy.get('#signupRepeatPassword').should('be.visible').type(user.input.reEnterPassword);\n  cy.get('.btn-primary').should(\"contain\", \"Register\").and('be.disabled');\n});",
                  "err": {},
                  "uuid": "a9d2f127-7c7c-4560-b917-84b6ce345a63",
                  "parentUUID": "0583c6ae-76d3-4b65-9804-ed82d123d225",
                  "isHook": false,
                  "skipped": false
                },
                {
                  "title": "New user should be created when fields are correct",
                  "fullTitle": "Check registration form 'Register' button functionality New user should be created when fields are correct",
                  "timedOut": null,
                  "duration": 0,
                  "state": "pending",
                  "speed": null,
                  "pass": false,
                  "fail": false,
                  "pending": true,
                  "context": null,
                  "code": "const user = _fullUsers.default[0];\ncy.get('.modal-content').first().within(() => {\n  cy.get('#signupName').should('be.visible').type(user.input.name);\n  cy.get('#signupLastName').should('be.visible').type(user.input.lastName);\n  cy.get('#signupEmail').should('be.visible').type(user.input.email);\n  cy.get('#signupPassword').should('be.visible').type(user.input.password);\n  cy.get('#signupRepeatPassword').should('be.visible').type(user.input.reEnterPassword);\n  cy.get('.btn-primary').should(\"contain\", \"Register\").and('be.enabled');\n});",
                  "err": {},
                  "uuid": "636eefca-45a8-40bc-8bb8-635dbbbaf8c4",
                  "parentUUID": "0583c6ae-76d3-4b65-9804-ed82d123d225",
                  "isHook": false,
                  "skipped": false
                }
              ],
              "suites": [],
              "passes": [],
              "failures": [],
              "pending": [
                "970352a2-be12-4bea-ac88-36a9472bc323",
                "a9d2f127-7c7c-4560-b917-84b6ce345a63",
                "636eefca-45a8-40bc-8bb8-635dbbbaf8c4"
              ],
              "skipped": [],
              "duration": 0,
              "root": false,
              "rootEmpty": false,
              "_timeout": 2000
            }
          ],
          "passes": [],
          "failures": [],
          "pending": [
            "9fa8f98e-6d04-48bb-afd6-a56c2b602137"
          ],
          "skipped": [],
          "duration": 0,
          "root": false,
          "rootEmpty": false,
          "_timeout": 2000
        }
      ],
      "passes": [],
      "failures": [],
      "pending": [],
      "skipped": [],
      "duration": 0,
      "root": true,
      "rootEmpty": true,
      "_timeout": 2000
    },
    {
      "uuid": "b8a75aee-370e-4029-8cc5-31b66109d76f",
      "title": "",
      "fullFile": "cypress\\e2e\\1-getting-started\\lesson.test.js",
      "file": "cypress\\e2e\\1-getting-started\\lesson.test.js",
      "beforeHooks": [],
      "afterHooks": [],
      "tests": [],
      "suites": [
        {
          "uuid": "fe704b68-e00a-4cbd-9da7-b8d6d6bf6f23",
          "title": "My First Test",
          "fullFile": "",
          "file": "",
          "beforeHooks": [],
          "afterHooks": [],
          "tests": [
            {
              "title": "should be able to do smt",
              "fullTitle": "My First Test should be able to do smt",
              "timedOut": null,
              "duration": 5823,
              "state": "passed",
              "speed": "medium",
              "pass": true,
              "fail": false,
              "pending": false,
              "context": null,
              "code": "cy.visit('https://www.google.com/');\ncy.get('[name=\"q\"]').type('Hillel{enter}');\ncy.title().should('include', 'Hillel');",
              "err": {},
              "uuid": "be74d8b2-f8f1-4a50-b362-18252c6b12fc",
              "parentUUID": "fe704b68-e00a-4cbd-9da7-b8d6d6bf6f23",
              "isHook": false,
              "skipped": false
            }
          ],
          "suites": [],
          "passes": [
            "be74d8b2-f8f1-4a50-b362-18252c6b12fc"
          ],
          "failures": [],
          "pending": [],
          "skipped": [],
          "duration": 5823,
          "root": false,
          "rootEmpty": false,
          "_timeout": 2000
        }
      ],
      "passes": [],
      "failures": [],
      "pending": [],
      "skipped": [],
      "duration": 0,
      "root": true,
      "rootEmpty": true,
      "_timeout": 2000
    }
  ],
  "meta": {
    "mocha": {
      "version": "7.2.0"
    },
    "mochawesome": {
      "options": {
        "quiet": false,
        "reportFilename": "mochawesome",
        "saveHtml": false,
        "saveJson": true,
        "consoleReporter": "spec",
        "useInlineDiffs": false,
        "code": true
      },
      "version": "7.1.4"
    },
    "marge": {
      "options": {
        "reportDir": "cypress/results",
        "overwrite": false,
        "html": false,
        "json": true
      },
      "version": "6.3.2"
    }
  }
}