{
  "stats": {
    "suites": 7,
    "tests": 6,
    "passes": 0,
    "pending": 45,
    "failures": -39,
    "start": "2025-12-21T14:10:08.338Z",
    "end": "2025-12-21T14:10:08.782Z",
    "duration": 444,
    "testsRegistered": 45,
    "passPercent": null,
    "pendingPercent": 100,
    "other": 39,
    "hasOther": true,
    "skipped": 0,
    "hasSkipped": false
  },
  "results": [
    {
      "uuid": "ede2f6a0-e9a8-4b06-9b9a-b3c0a30c0644",
      "title": "",
      "fullFile": "cypress\\e2e\\registration\\registrationForm.test.js",
      "file": "cypress\\e2e\\registration\\registrationForm.test.js",
      "beforeHooks": [],
      "afterHooks": [],
      "tests": [],
      "suites": [
        {
          "uuid": "2ef0b79b-f2c2-48d0-990d-9d3bcc378e64",
          "title": "Check registration form",
          "fullFile": "",
          "file": "",
          "beforeHooks": [],
          "afterHooks": [],
          "tests": [
            {
              "title": "Login after registration should be successful",
              "fullTitle": "Check registration form Login after registration should be successful",
              "timedOut": null,
              "duration": 0,
              "state": "pending",
              "speed": null,
              "pass": false,
              "fail": false,
              "pending": true,
              "context": null,
              "code": "const user = {\n  \"name\": _faker.faker.person.firstName(),\n  \"lastName\": _faker.faker.person.lastName(),\n  \"email\": _faker.faker.number.bigInt({\n    min: 1,\n    max: 999\n  }) + _faker.faker.internet.email(),\n  \"password\": \"Test1234\"\n};\ncy.get('.modal-content').first().within(() => {\n  cy.get('#signupName').should('be.visible').type(user.name);\n  cy.get('#signupLastName').should('be.visible').type(user.lastName);\n  cy.get('#signupEmail').should('be.visible').type(user.email);\n  cy.get('#signupPassword').should('be.visible').type(user.password, {\n    sensitive: true\n  });\n  cy.get('#signupRepeatPassword').should('be.visible').type(user.password, {\n    sensitive: true\n  });\n  cy.get('.btn-primary').should(\"contain\", \"Register\").and('be.enabled').click();\n});\ncy.get('.dropdown-toggle').click();\ncy.get('.dropdown-menu').within(() => {\n  cy.contains('Logout').click();\n});\ncy.get('.header_signin').should('be.visible').and('contain', 'Sign In').click();\ncy.get('.modal-content').first().within(() => {\n  cy.get('#signinEmail').should('be.visible').type(user.email);\n  cy.get('#signinPassword').should('be.visible').type(user.password, {\n    sensitive: true\n  });\n  cy.get('.btn-primary').should(\"contain\", \"Login\").and('be.enabled').click();\n});\ncy.contains(\"You don’t have any cars in your garage\").should('be.visible');",
              "err": {},
              "uuid": "9fa8f98e-6d04-48bb-afd6-a56c2b602137",
              "parentUUID": "2ef0b79b-f2c2-48d0-990d-9d3bcc378e64",
              "isHook": false,
              "skipped": false
            }
          ],
          "suites": [
            {
              "uuid": "4508d38c-02d0-41aa-9eb3-888c66e75965",
              "title": "'Name' field validation",
              "fullFile": "",
              "file": "",
              "beforeHooks": [],
              "afterHooks": [],
              "tests": [
                {
                  "title": "Valid name with two words should be accepted",
                  "fullTitle": "Check registration form 'Name' field validation Valid name with two words should be accepted",
                  "timedOut": null,
                  "duration": 0,
                  "state": "pending",
                  "speed": null,
                  "pass": false,
                  "fail": false,
                  "pending": true,
                  "context": null,
                  "code": "cy.get('.modal-content').first().within(() => {\n  cy.get('#signupName').type(input.name).should('have.value', input.name).blur();\n  if (expected.message) {\n    cy.get('.invalid-feedback').should('have.text', expected.message);\n    cy.get('#signupName').should('have.css', 'border-color', 'rgb(220, 53, 69)');\n  } else {\n    cy.get('.invalid-feedback').should('not.exist');\n  }\n});",
                  "err": {},
                  "uuid": "c2ceea92-7057-4cf0-8e2e-ed9f0549cb89",
                  "parentUUID": "4508d38c-02d0-41aa-9eb3-888c66e75965",
                  "isHook": false,
                  "skipped": false
                },
                {
                  "title": "Invalid Name with 1 character should show error message",
                  "fullTitle": "Check registration form 'Name' field validation Invalid Name with 1 character should show error message",
                  "timedOut": null,
                  "duration": 0,
                  "state": "pending",
                  "speed": null,
                  "pass": false,
                  "fail": false,
                  "pending": true,
                  "context": null,
                  "code": "cy.get('.modal-content').first().within(() => {\n  cy.get('#signupName').type(input.name).should('have.value', input.name).blur();\n  if (expected.message) {\n    cy.get('.invalid-feedback').should('have.text', expected.message);\n    cy.get('#signupName').should('have.css', 'border-color', 'rgb(220, 53, 69)');\n  } else {\n    cy.get('.invalid-feedback').should('not.exist');\n  }\n});",
                  "err": {},
                  "uuid": "a2af6fb6-a806-4ed0-a5f7-404b5ff235ca",
                  "parentUUID": "4508d38c-02d0-41aa-9eb3-888c66e75965",
                  "isHook": false,
                  "skipped": false
                },
                {
                  "title": "Valid Name with 20 characters should be accepted",
                  "fullTitle": "Check registration form 'Name' field validation Valid Name with 20 characters should be accepted",
                  "timedOut": null,
                  "duration": 0,
                  "state": "pending",
                  "speed": null,
                  "pass": false,
                  "fail": false,
                  "pending": true,
                  "context": null,
                  "code": "cy.get('.modal-content').first().within(() => {\n  cy.get('#signupName').type(input.name).should('have.value', input.name).blur();\n  if (expected.message) {\n    cy.get('.invalid-feedback').should('have.text', expected.message);\n    cy.get('#signupName').should('have.css', 'border-color', 'rgb(220, 53, 69)');\n  } else {\n    cy.get('.invalid-feedback').should('not.exist');\n  }\n});",
                  "err": {},
                  "uuid": "cf1d2c10-1248-42b7-9f94-40225bda397d",
                  "parentUUID": "4508d38c-02d0-41aa-9eb3-888c66e75965",
                  "isHook": false,
                  "skipped": false
                },
                {
                  "title": "Invalid Name with 21 characters should show error message",
                  "fullTitle": "Check registration form 'Name' field validation Invalid Name with 21 characters should show error message",
                  "timedOut": null,
                  "duration": 0,
                  "state": "pending",
                  "speed": null,
                  "pass": false,
                  "fail": false,
                  "pending": true,
                  "context": null,
                  "code": "cy.get('.modal-content').first().within(() => {\n  cy.get('#signupName').type(input.name).should('have.value', input.name).blur();\n  if (expected.message) {\n    cy.get('.invalid-feedback').should('have.text', expected.message);\n    cy.get('#signupName').should('have.css', 'border-color', 'rgb(220, 53, 69)');\n  } else {\n    cy.get('.invalid-feedback').should('not.exist');\n  }\n});",
                  "err": {},
                  "uuid": "9cb4f0ca-09fe-4a26-bf82-48ff6b86b686",
                  "parentUUID": "4508d38c-02d0-41aa-9eb3-888c66e75965",
                  "isHook": false,
                  "skipped": false
                },
                {
                  "title": "Valid Name with average characters should be accepted",
                  "fullTitle": "Check registration form 'Name' field validation Valid Name with average characters should be accepted",
                  "timedOut": null,
                  "duration": 0,
                  "state": "pending",
                  "speed": null,
                  "pass": false,
                  "fail": false,
                  "pending": true,
                  "context": null,
                  "code": "cy.get('.modal-content').first().within(() => {\n  cy.get('#signupName').type(input.name).should('have.value', input.name).blur();\n  if (expected.message) {\n    cy.get('.invalid-feedback').should('have.text', expected.message);\n    cy.get('#signupName').should('have.css', 'border-color', 'rgb(220, 53, 69)');\n  } else {\n    cy.get('.invalid-feedback').should('not.exist');\n  }\n});",
                  "err": {},
                  "uuid": "b338c4e2-c11b-457c-bcad-31c7dc3baed9",
                  "parentUUID": "4508d38c-02d0-41aa-9eb3-888c66e75965",
                  "isHook": false,
                  "skipped": false
                },
                {
                  "title": "Invalid Name with cirilic characters should show error message",
                  "fullTitle": "Check registration form 'Name' field validation Invalid Name with cirilic characters should show error message",
                  "timedOut": null,
                  "duration": 0,
                  "state": "pending",
                  "speed": null,
                  "pass": false,
                  "fail": false,
                  "pending": true,
                  "context": null,
                  "code": "cy.get('.modal-content').first().within(() => {\n  cy.get('#signupName').type(input.name).should('have.value', input.name).blur();\n  if (expected.message) {\n    cy.get('.invalid-feedback').should('have.text', expected.message);\n    cy.get('#signupName').should('have.css', 'border-color', 'rgb(220, 53, 69)');\n  } else {\n    cy.get('.invalid-feedback').should('not.exist');\n  }\n});",
                  "err": {},
                  "uuid": "0bc3f67e-2bfa-4f13-97af-1b2dfcd18112",
                  "parentUUID": "4508d38c-02d0-41aa-9eb3-888c66e75965",
                  "isHook": false,
                  "skipped": false
                },
                {
                  "title": "Invalid Name with special symbols should show error message",
                  "fullTitle": "Check registration form 'Name' field validation Invalid Name with special symbols should show error message",
                  "timedOut": null,
                  "duration": 0,
                  "state": "pending",
                  "speed": null,
                  "pass": false,
                  "fail": false,
                  "pending": true,
                  "context": null,
                  "code": "cy.get('.modal-content').first().within(() => {\n  cy.get('#signupName').type(input.name).should('have.value', input.name).blur();\n  if (expected.message) {\n    cy.get('.invalid-feedback').should('have.text', expected.message);\n    cy.get('#signupName').should('have.css', 'border-color', 'rgb(220, 53, 69)');\n  } else {\n    cy.get('.invalid-feedback').should('not.exist');\n  }\n});",
                  "err": {},
                  "uuid": "0f021d24-72e1-4d59-af62-e76536e85adb",
                  "parentUUID": "4508d38c-02d0-41aa-9eb3-888c66e75965",
                  "isHook": false,
                  "skipped": false
                },
                {
                  "title": "Empty 'Name' field should show error message",
                  "fullTitle": "Check registration form 'Name' field validation Empty 'Name' field should show error message",
                  "timedOut": null,
                  "duration": 0,
                  "state": "pending",
                  "speed": null,
                  "pass": false,
                  "fail": false,
                  "pending": true,
                  "context": null,
                  "code": "cy.get('.modal-content').first().within(() => {\n  cy.get('#signupName').focus().blur().should('have.css', 'border-color', 'rgb(220, 53, 69)');\n  cy.get('.invalid-feedback').should('have.text', 'Name required');\n});",
                  "err": {},
                  "uuid": "19107670-b965-4abd-bf87-eee85e699314",
                  "parentUUID": "4508d38c-02d0-41aa-9eb3-888c66e75965",
                  "isHook": false,
                  "skipped": false
                }
              ],
              "suites": [],
              "passes": [],
              "failures": [],
              "pending": [
                "c2ceea92-7057-4cf0-8e2e-ed9f0549cb89",
                "a2af6fb6-a806-4ed0-a5f7-404b5ff235ca",
                "cf1d2c10-1248-42b7-9f94-40225bda397d",
                "9cb4f0ca-09fe-4a26-bf82-48ff6b86b686",
                "b338c4e2-c11b-457c-bcad-31c7dc3baed9",
                "0bc3f67e-2bfa-4f13-97af-1b2dfcd18112",
                "0f021d24-72e1-4d59-af62-e76536e85adb",
                "19107670-b965-4abd-bf87-eee85e699314"
              ],
              "skipped": [],
              "duration": 0,
              "root": false,
              "rootEmpty": false,
              "_timeout": 2000
            },
            {
              "uuid": "13f4dd0a-1e36-430d-91de-d0ee4c80008c",
              "title": "'Last name' field validation",
              "fullFile": "",
              "file": "",
              "beforeHooks": [],
              "afterHooks": [],
              "tests": [
                {
                  "title": "Valid last name with two words should be accepted",
                  "fullTitle": "Check registration form 'Last name' field validation Valid last name with two words should be accepted",
                  "timedOut": null,
                  "duration": 0,
                  "state": "pending",
                  "speed": null,
                  "pass": false,
                  "fail": false,
                  "pending": true,
                  "context": null,
                  "code": "cy.get('.modal-content').first().within(() => {\n  cy.get('#signupLastName').type(input.lastName).should('have.value', input.lastName).blur();\n  if (expected.message) {\n    cy.get('.invalid-feedback').should('have.text', expected.message);\n    cy.get('#signupLastName').should('have.css', 'border-color', 'rgb(220, 53, 69)');\n  } else {\n    cy.get('.invalid-feedback').should('not.exist');\n  }\n});",
                  "err": {},
                  "uuid": "30253e0f-9f47-4caa-a723-2e35da6ddfaa",
                  "parentUUID": "13f4dd0a-1e36-430d-91de-d0ee4c80008c",
                  "isHook": false,
                  "skipped": false
                },
                {
                  "title": "Invalid last name with 1 character should show error message",
                  "fullTitle": "Check registration form 'Last name' field validation Invalid last name with 1 character should show error message",
                  "timedOut": null,
                  "duration": 0,
                  "state": "pending",
                  "speed": null,
                  "pass": false,
                  "fail": false,
                  "pending": true,
                  "context": null,
                  "code": "cy.get('.modal-content').first().within(() => {\n  cy.get('#signupLastName').type(input.lastName).should('have.value', input.lastName).blur();\n  if (expected.message) {\n    cy.get('.invalid-feedback').should('have.text', expected.message);\n    cy.get('#signupLastName').should('have.css', 'border-color', 'rgb(220, 53, 69)');\n  } else {\n    cy.get('.invalid-feedback').should('not.exist');\n  }\n});",
                  "err": {},
                  "uuid": "2ced5de0-d111-4773-864b-89fb6368a7ed",
                  "parentUUID": "13f4dd0a-1e36-430d-91de-d0ee4c80008c",
                  "isHook": false,
                  "skipped": false
                },
                {
                  "title": "Valid last name with 20 characters should be accepted",
                  "fullTitle": "Check registration form 'Last name' field validation Valid last name with 20 characters should be accepted",
                  "timedOut": null,
                  "duration": 0,
                  "state": "pending",
                  "speed": null,
                  "pass": false,
                  "fail": false,
                  "pending": true,
                  "context": null,
                  "code": "cy.get('.modal-content').first().within(() => {\n  cy.get('#signupLastName').type(input.lastName).should('have.value', input.lastName).blur();\n  if (expected.message) {\n    cy.get('.invalid-feedback').should('have.text', expected.message);\n    cy.get('#signupLastName').should('have.css', 'border-color', 'rgb(220, 53, 69)');\n  } else {\n    cy.get('.invalid-feedback').should('not.exist');\n  }\n});",
                  "err": {},
                  "uuid": "b5e4a03a-045b-43db-ad49-135e3745e66c",
                  "parentUUID": "13f4dd0a-1e36-430d-91de-d0ee4c80008c",
                  "isHook": false,
                  "skipped": false
                },
                {
                  "title": "Invalid last name with 21 characters should show error message",
                  "fullTitle": "Check registration form 'Last name' field validation Invalid last name with 21 characters should show error message",
                  "timedOut": null,
                  "duration": 0,
                  "state": "pending",
                  "speed": null,
                  "pass": false,
                  "fail": false,
                  "pending": true,
                  "context": null,
                  "code": "cy.get('.modal-content').first().within(() => {\n  cy.get('#signupLastName').type(input.lastName).should('have.value', input.lastName).blur();\n  if (expected.message) {\n    cy.get('.invalid-feedback').should('have.text', expected.message);\n    cy.get('#signupLastName').should('have.css', 'border-color', 'rgb(220, 53, 69)');\n  } else {\n    cy.get('.invalid-feedback').should('not.exist');\n  }\n});",
                  "err": {},
                  "uuid": "9bf4e22a-c5f6-4dcb-8ac0-fc7ac6b54f69",
                  "parentUUID": "13f4dd0a-1e36-430d-91de-d0ee4c80008c",
                  "isHook": false,
                  "skipped": false
                },
                {
                  "title": "Valid last name with average characters should be accepted",
                  "fullTitle": "Check registration form 'Last name' field validation Valid last name with average characters should be accepted",
                  "timedOut": null,
                  "duration": 0,
                  "state": "pending",
                  "speed": null,
                  "pass": false,
                  "fail": false,
                  "pending": true,
                  "context": null,
                  "code": "cy.get('.modal-content').first().within(() => {\n  cy.get('#signupLastName').type(input.lastName).should('have.value', input.lastName).blur();\n  if (expected.message) {\n    cy.get('.invalid-feedback').should('have.text', expected.message);\n    cy.get('#signupLastName').should('have.css', 'border-color', 'rgb(220, 53, 69)');\n  } else {\n    cy.get('.invalid-feedback').should('not.exist');\n  }\n});",
                  "err": {},
                  "uuid": "494b09bb-2767-4f5a-87e8-4c0aa5492de2",
                  "parentUUID": "13f4dd0a-1e36-430d-91de-d0ee4c80008c",
                  "isHook": false,
                  "skipped": false
                },
                {
                  "title": "Invalid last name with cirilic characters should show error message",
                  "fullTitle": "Check registration form 'Last name' field validation Invalid last name with cirilic characters should show error message",
                  "timedOut": null,
                  "duration": 0,
                  "state": "pending",
                  "speed": null,
                  "pass": false,
                  "fail": false,
                  "pending": true,
                  "context": null,
                  "code": "cy.get('.modal-content').first().within(() => {\n  cy.get('#signupLastName').type(input.lastName).should('have.value', input.lastName).blur();\n  if (expected.message) {\n    cy.get('.invalid-feedback').should('have.text', expected.message);\n    cy.get('#signupLastName').should('have.css', 'border-color', 'rgb(220, 53, 69)');\n  } else {\n    cy.get('.invalid-feedback').should('not.exist');\n  }\n});",
                  "err": {},
                  "uuid": "8f0546cb-bb33-4f19-b226-0b6e5ad8783c",
                  "parentUUID": "13f4dd0a-1e36-430d-91de-d0ee4c80008c",
                  "isHook": false,
                  "skipped": false
                },
                {
                  "title": "Invalid last name with special symbols should show error message",
                  "fullTitle": "Check registration form 'Last name' field validation Invalid last name with special symbols should show error message",
                  "timedOut": null,
                  "duration": 0,
                  "state": "pending",
                  "speed": null,
                  "pass": false,
                  "fail": false,
                  "pending": true,
                  "context": null,
                  "code": "cy.get('.modal-content').first().within(() => {\n  cy.get('#signupLastName').type(input.lastName).should('have.value', input.lastName).blur();\n  if (expected.message) {\n    cy.get('.invalid-feedback').should('have.text', expected.message);\n    cy.get('#signupLastName').should('have.css', 'border-color', 'rgb(220, 53, 69)');\n  } else {\n    cy.get('.invalid-feedback').should('not.exist');\n  }\n});",
                  "err": {},
                  "uuid": "a48686bf-17a3-41ef-8790-510a6636ecc2",
                  "parentUUID": "13f4dd0a-1e36-430d-91de-d0ee4c80008c",
                  "isHook": false,
                  "skipped": false
                },
                {
                  "title": "Empty 'Last name' field should show error message",
                  "fullTitle": "Check registration form 'Last name' field validation Empty 'Last name' field should show error message",
                  "timedOut": null,
                  "duration": 0,
                  "state": "pending",
                  "speed": null,
                  "pass": false,
                  "fail": false,
                  "pending": true,
                  "context": null,
                  "code": "cy.get('.modal-content').first().within(() => {\n  cy.get('#signupLastName').focus().blur().should('have.css', 'border-color', 'rgb(220, 53, 69)');\n  cy.get('.invalid-feedback').should('have.text', 'Last name required');\n});",
                  "err": {},
                  "uuid": "17ae0066-3e44-46bd-9a1a-8c9fff48ef7d",
                  "parentUUID": "13f4dd0a-1e36-430d-91de-d0ee4c80008c",
                  "isHook": false,
                  "skipped": false
                }
              ],
              "suites": [],
              "passes": [],
              "failures": [],
              "pending": [
                "30253e0f-9f47-4caa-a723-2e35da6ddfaa",
                "2ced5de0-d111-4773-864b-89fb6368a7ed",
                "b5e4a03a-045b-43db-ad49-135e3745e66c",
                "9bf4e22a-c5f6-4dcb-8ac0-fc7ac6b54f69",
                "494b09bb-2767-4f5a-87e8-4c0aa5492de2",
                "8f0546cb-bb33-4f19-b226-0b6e5ad8783c",
                "a48686bf-17a3-41ef-8790-510a6636ecc2",
                "17ae0066-3e44-46bd-9a1a-8c9fff48ef7d"
              ],
              "skipped": [],
              "duration": 0,
              "root": false,
              "rootEmpty": false,
              "_timeout": 2000
            },
            {
              "uuid": "d463762b-3e78-444f-adb5-9c0303badd71",
              "title": "'Email' field validation",
              "fullFile": "",
              "file": "",
              "beforeHooks": [],
              "afterHooks": [],
              "tests": [
                {
                  "title": "Valid email with standard format should be accepted",
                  "fullTitle": "Check registration form 'Email' field validation Valid email with standard format should be accepted",
                  "timedOut": null,
                  "duration": 0,
                  "state": "pending",
                  "speed": null,
                  "pass": false,
                  "fail": false,
                  "pending": true,
                  "context": null,
                  "code": "cy.get('.modal-content').first().within(() => {\n  cy.get('#signupEmail').type(input.email).should('have.value', input.email).blur();\n  if (expected.message) {\n    cy.get('.invalid-feedback').should('have.text', expected.message);\n    cy.get('#signupEmail').should('have.css', 'border-color', 'rgb(220, 53, 69)');\n  } else {\n    cy.get('.invalid-feedback').should('not.exist');\n  }\n});",
                  "err": {},
                  "uuid": "cc714ffd-0941-4270-82dc-38c00d346b83",
                  "parentUUID": "d463762b-3e78-444f-adb5-9c0303badd71",
                  "isHook": false,
                  "skipped": false
                },
                {
                  "title": "Valid email with dot should be accepted",
                  "fullTitle": "Check registration form 'Email' field validation Valid email with dot should be accepted",
                  "timedOut": null,
                  "duration": 0,
                  "state": "pending",
                  "speed": null,
                  "pass": false,
                  "fail": false,
                  "pending": true,
                  "context": null,
                  "code": "cy.get('.modal-content').first().within(() => {\n  cy.get('#signupEmail').type(input.email).should('have.value', input.email).blur();\n  if (expected.message) {\n    cy.get('.invalid-feedback').should('have.text', expected.message);\n    cy.get('#signupEmail').should('have.css', 'border-color', 'rgb(220, 53, 69)');\n  } else {\n    cy.get('.invalid-feedback').should('not.exist');\n  }\n});",
                  "err": {},
                  "uuid": "ed0ab368-eaf8-4948-b2f7-94715e715396",
                  "parentUUID": "d463762b-3e78-444f-adb5-9c0303badd71",
                  "isHook": false,
                  "skipped": false
                },
                {
                  "title": "Valid email with hyphen should be accepted",
                  "fullTitle": "Check registration form 'Email' field validation Valid email with hyphen should be accepted",
                  "timedOut": null,
                  "duration": 0,
                  "state": "pending",
                  "speed": null,
                  "pass": false,
                  "fail": false,
                  "pending": true,
                  "context": null,
                  "code": "cy.get('.modal-content').first().within(() => {\n  cy.get('#signupEmail').type(input.email).should('have.value', input.email).blur();\n  if (expected.message) {\n    cy.get('.invalid-feedback').should('have.text', expected.message);\n    cy.get('#signupEmail').should('have.css', 'border-color', 'rgb(220, 53, 69)');\n  } else {\n    cy.get('.invalid-feedback').should('not.exist');\n  }\n});",
                  "err": {},
                  "uuid": "514ac786-7e0c-4cdb-befd-a269a81ad307",
                  "parentUUID": "d463762b-3e78-444f-adb5-9c0303badd71",
                  "isHook": false,
                  "skipped": false
                },
                {
                  "title": "Valid email with numbers should be accepted",
                  "fullTitle": "Check registration form 'Email' field validation Valid email with numbers should be accepted",
                  "timedOut": null,
                  "duration": 0,
                  "state": "pending",
                  "speed": null,
                  "pass": false,
                  "fail": false,
                  "pending": true,
                  "context": null,
                  "code": "cy.get('.modal-content').first().within(() => {\n  cy.get('#signupEmail').type(input.email).should('have.value', input.email).blur();\n  if (expected.message) {\n    cy.get('.invalid-feedback').should('have.text', expected.message);\n    cy.get('#signupEmail').should('have.css', 'border-color', 'rgb(220, 53, 69)');\n  } else {\n    cy.get('.invalid-feedback').should('not.exist');\n  }\n});",
                  "err": {},
                  "uuid": "5bec7f30-6366-446b-8482-5e41d9579ef0",
                  "parentUUID": "d463762b-3e78-444f-adb5-9c0303badd71",
                  "isHook": false,
                  "skipped": false
                },
                {
                  "title": "Valid email with subdomain should be accepted",
                  "fullTitle": "Check registration form 'Email' field validation Valid email with subdomain should be accepted",
                  "timedOut": null,
                  "duration": 0,
                  "state": "pending",
                  "speed": null,
                  "pass": false,
                  "fail": false,
                  "pending": true,
                  "context": null,
                  "code": "cy.get('.modal-content').first().within(() => {\n  cy.get('#signupEmail').type(input.email).should('have.value', input.email).blur();\n  if (expected.message) {\n    cy.get('.invalid-feedback').should('have.text', expected.message);\n    cy.get('#signupEmail').should('have.css', 'border-color', 'rgb(220, 53, 69)');\n  } else {\n    cy.get('.invalid-feedback').should('not.exist');\n  }\n});",
                  "err": {},
                  "uuid": "5be707d0-d078-4e4f-b014-97e9556537db",
                  "parentUUID": "d463762b-3e78-444f-adb5-9c0303badd71",
                  "isHook": false,
                  "skipped": false
                },
                {
                  "title": "Valid email with minimum characters should be accepted",
                  "fullTitle": "Check registration form 'Email' field validation Valid email with minimum characters should be accepted",
                  "timedOut": null,
                  "duration": 0,
                  "state": "pending",
                  "speed": null,
                  "pass": false,
                  "fail": false,
                  "pending": true,
                  "context": null,
                  "code": "cy.get('.modal-content').first().within(() => {\n  cy.get('#signupEmail').type(input.email).should('have.value', input.email).blur();\n  if (expected.message) {\n    cy.get('.invalid-feedback').should('have.text', expected.message);\n    cy.get('#signupEmail').should('have.css', 'border-color', 'rgb(220, 53, 69)');\n  } else {\n    cy.get('.invalid-feedback').should('not.exist');\n  }\n});",
                  "err": {},
                  "uuid": "689e587a-24b9-4b3d-9adb-32a01df9347b",
                  "parentUUID": "d463762b-3e78-444f-adb5-9c0303badd71",
                  "isHook": false,
                  "skipped": false
                },
                {
                  "title": " Invalid email ",
                  "fullTitle": "Check registration form 'Email' field validation  Invalid email ",
                  "timedOut": null,
                  "duration": 0,
                  "state": "pending",
                  "speed": null,
                  "pass": false,
                  "fail": false,
                  "pending": true,
                  "context": null,
                  "code": "cy.get('.modal-content').first().within(() => {\n  cy.get('#signupEmail').type(input.email).should('have.value', input.email).blur();\n  if (expected.message) {\n    cy.get('.invalid-feedback').should('have.text', expected.message);\n    cy.get('#signupEmail').should('have.css', 'border-color', 'rgb(220, 53, 69)');\n  } else {\n    cy.get('.invalid-feedback').should('not.exist');\n  }\n});",
                  "err": {},
                  "uuid": "6fcc9b49-10f0-4ff7-8158-39e5e015a985",
                  "parentUUID": "d463762b-3e78-444f-adb5-9c0303badd71",
                  "isHook": false,
                  "skipped": false
                },
                {
                  "title": " Invalid email ",
                  "fullTitle": "Check registration form 'Email' field validation  Invalid email ",
                  "timedOut": null,
                  "duration": 0,
                  "state": "pending",
                  "speed": null,
                  "pass": false,
                  "fail": false,
                  "pending": true,
                  "context": null,
                  "code": "cy.get('.modal-content').first().within(() => {\n  cy.get('#signupEmail').type(input.email).should('have.value', input.email).blur();\n  if (expected.message) {\n    cy.get('.invalid-feedback').should('have.text', expected.message);\n    cy.get('#signupEmail').should('have.css', 'border-color', 'rgb(220, 53, 69)');\n  } else {\n    cy.get('.invalid-feedback').should('not.exist');\n  }\n});",
                  "err": {},
                  "uuid": "4e386c7c-c8e6-4821-a775-749b9dfcafce",
                  "parentUUID": "d463762b-3e78-444f-adb5-9c0303badd71",
                  "isHook": false,
                  "skipped": false
                },
                {
                  "title": " Invalid email ",
                  "fullTitle": "Check registration form 'Email' field validation  Invalid email ",
                  "timedOut": null,
                  "duration": 0,
                  "state": "pending",
                  "speed": null,
                  "pass": false,
                  "fail": false,
                  "pending": true,
                  "context": null,
                  "code": "cy.get('.modal-content').first().within(() => {\n  cy.get('#signupEmail').type(input.email).should('have.value', input.email).blur();\n  if (expected.message) {\n    cy.get('.invalid-feedback').should('have.text', expected.message);\n    cy.get('#signupEmail').should('have.css', 'border-color', 'rgb(220, 53, 69)');\n  } else {\n    cy.get('.invalid-feedback').should('not.exist');\n  }\n});",
                  "err": {},
                  "uuid": "252451ed-5911-4b7f-a150-565e0942583e",
                  "parentUUID": "d463762b-3e78-444f-adb5-9c0303badd71",
                  "isHook": false,
                  "skipped": false
                },
                {
                  "title": " Invalid email ",
                  "fullTitle": "Check registration form 'Email' field validation  Invalid email ",
                  "timedOut": null,
                  "duration": 0,
                  "state": "pending",
                  "speed": null,
                  "pass": false,
                  "fail": false,
                  "pending": true,
                  "context": null,
                  "code": "cy.get('.modal-content').first().within(() => {\n  cy.get('#signupEmail').type(input.email).should('have.value', input.email).blur();\n  if (expected.message) {\n    cy.get('.invalid-feedback').should('have.text', expected.message);\n    cy.get('#signupEmail').should('have.css', 'border-color', 'rgb(220, 53, 69)');\n  } else {\n    cy.get('.invalid-feedback').should('not.exist');\n  }\n});",
                  "err": {},
                  "uuid": "dd0ee4ea-1638-4f75-a25f-35144176e6d0",
                  "parentUUID": "d463762b-3e78-444f-adb5-9c0303badd71",
                  "isHook": false,
                  "skipped": false
                },
                {
                  "title": " Invalid email ",
                  "fullTitle": "Check registration form 'Email' field validation  Invalid email ",
                  "timedOut": null,
                  "duration": 0,
                  "state": "pending",
                  "speed": null,
                  "pass": false,
                  "fail": false,
                  "pending": true,
                  "context": null,
                  "code": "cy.get('.modal-content').first().within(() => {\n  cy.get('#signupEmail').type(input.email).should('have.value', input.email).blur();\n  if (expected.message) {\n    cy.get('.invalid-feedback').should('have.text', expected.message);\n    cy.get('#signupEmail').should('have.css', 'border-color', 'rgb(220, 53, 69)');\n  } else {\n    cy.get('.invalid-feedback').should('not.exist');\n  }\n});",
                  "err": {},
                  "uuid": "49d9e6bc-6a8f-45a9-be40-45fd00fc9a6a",
                  "parentUUID": "d463762b-3e78-444f-adb5-9c0303badd71",
                  "isHook": false,
                  "skipped": false
                },
                {
                  "title": "Empty 'Email' field should show error message",
                  "fullTitle": "Check registration form 'Email' field validation Empty 'Email' field should show error message",
                  "timedOut": null,
                  "duration": 0,
                  "state": "pending",
                  "speed": null,
                  "pass": false,
                  "fail": false,
                  "pending": true,
                  "context": null,
                  "code": "cy.get('.modal-content').first().within(() => {\n  cy.get('#signupEmail').focus().blur().should('have.css', 'border-color', 'rgb(220, 53, 69)');\n  cy.get('.invalid-feedback').should('have.text', 'Email required');\n});",
                  "err": {},
                  "uuid": "94e6563c-5130-48d5-b8fe-16768b25d0b0",
                  "parentUUID": "d463762b-3e78-444f-adb5-9c0303badd71",
                  "isHook": false,
                  "skipped": false
                }
              ],
              "suites": [],
              "passes": [],
              "failures": [],
              "pending": [
                "cc714ffd-0941-4270-82dc-38c00d346b83",
                "ed0ab368-eaf8-4948-b2f7-94715e715396",
                "514ac786-7e0c-4cdb-befd-a269a81ad307",
                "5bec7f30-6366-446b-8482-5e41d9579ef0",
                "5be707d0-d078-4e4f-b014-97e9556537db",
                "689e587a-24b9-4b3d-9adb-32a01df9347b",
                "6fcc9b49-10f0-4ff7-8158-39e5e015a985",
                "4e386c7c-c8e6-4821-a775-749b9dfcafce",
                "252451ed-5911-4b7f-a150-565e0942583e",
                "dd0ee4ea-1638-4f75-a25f-35144176e6d0",
                "49d9e6bc-6a8f-45a9-be40-45fd00fc9a6a",
                "94e6563c-5130-48d5-b8fe-16768b25d0b0"
              ],
              "skipped": [],
              "duration": 0,
              "root": false,
              "rootEmpty": false,
              "_timeout": 2000
            },
            {
              "uuid": "250516dc-d656-4b23-ad9c-cfdcefffe64e",
              "title": "'Password' field validation",
              "fullFile": "",
              "file": "",
              "beforeHooks": [],
              "afterHooks": [],
              "tests": [
                {
                  "title": "Valid password with average chars, capital letter, small letter and number should be accepted",
                  "fullTitle": "Check registration form 'Password' field validation Valid password with average chars, capital letter, small letter and number should be accepted",
                  "timedOut": null,
                  "duration": 0,
                  "state": "pending",
                  "speed": null,
                  "pass": false,
                  "fail": false,
                  "pending": true,
                  "context": null,
                  "code": "cy.get('.modal-content').first().within(() => {\n  cy.get('#signupPassword').type(input.password).should('have.value', input.password).blur();\n  if (expected.message) {\n    cy.get('.invalid-feedback').should('have.text', expected.message);\n    cy.get('#signupPassword').should('have.css', 'border-color', 'rgb(220, 53, 69)');\n  } else {\n    cy.get('.invalid-feedback').should('not.exist');\n  }\n});",
                  "err": {},
                  "uuid": "56818dd0-85e2-433a-9e06-52f5ede70868",
                  "parentUUID": "250516dc-d656-4b23-ad9c-cfdcefffe64e",
                  "isHook": false,
                  "skipped": false
                },
                {
                  "title": "Valid password with minimum required chars, capital letter, small letter and number should be accepted",
                  "fullTitle": "Check registration form 'Password' field validation Valid password with minimum required chars, capital letter, small letter and number should be accepted",
                  "timedOut": null,
                  "duration": 0,
                  "state": "pending",
                  "speed": null,
                  "pass": false,
                  "fail": false,
                  "pending": true,
                  "context": null,
                  "code": "cy.get('.modal-content').first().within(() => {\n  cy.get('#signupPassword').type(input.password).should('have.value', input.password).blur();\n  if (expected.message) {\n    cy.get('.invalid-feedback').should('have.text', expected.message);\n    cy.get('#signupPassword').should('have.css', 'border-color', 'rgb(220, 53, 69)');\n  } else {\n    cy.get('.invalid-feedback').should('not.exist');\n  }\n});",
                  "err": {},
                  "uuid": "cd1f4dd9-0bee-43fc-a028-a79a12a59171",
                  "parentUUID": "250516dc-d656-4b23-ad9c-cfdcefffe64e",
                  "isHook": false,
                  "skipped": false
                },
                {
                  "title": "Valid password with maximum required chars, capital letter, small letter and number should be accepted",
                  "fullTitle": "Check registration form 'Password' field validation Valid password with maximum required chars, capital letter, small letter and number should be accepted",
                  "timedOut": null,
                  "duration": 0,
                  "state": "pending",
                  "speed": null,
                  "pass": false,
                  "fail": false,
                  "pending": true,
                  "context": null,
                  "code": "cy.get('.modal-content').first().within(() => {\n  cy.get('#signupPassword').type(input.password).should('have.value', input.password).blur();\n  if (expected.message) {\n    cy.get('.invalid-feedback').should('have.text', expected.message);\n    cy.get('#signupPassword').should('have.css', 'border-color', 'rgb(220, 53, 69)');\n  } else {\n    cy.get('.invalid-feedback').should('not.exist');\n  }\n});",
                  "err": {},
                  "uuid": "7b06c34b-5267-4d0b-832e-80d0bee3f925",
                  "parentUUID": "250516dc-d656-4b23-ad9c-cfdcefffe64e",
                  "isHook": false,
                  "skipped": false
                },
                {
                  "title": "Invalid password shorter than minimum required chars should show error message",
                  "fullTitle": "Check registration form 'Password' field validation Invalid password shorter than minimum required chars should show error message",
                  "timedOut": null,
                  "duration": 0,
                  "state": "pending",
                  "speed": null,
                  "pass": false,
                  "fail": false,
                  "pending": true,
                  "context": null,
                  "code": "cy.get('.modal-content').first().within(() => {\n  cy.get('#signupPassword').type(input.password).should('have.value', input.password).blur();\n  if (expected.message) {\n    cy.get('.invalid-feedback').should('have.text', expected.message);\n    cy.get('#signupPassword').should('have.css', 'border-color', 'rgb(220, 53, 69)');\n  } else {\n    cy.get('.invalid-feedback').should('not.exist');\n  }\n});",
                  "err": {},
                  "uuid": "4955e4db-c742-4b78-a858-4908961e42cf",
                  "parentUUID": "250516dc-d656-4b23-ad9c-cfdcefffe64e",
                  "isHook": false,
                  "skipped": false
                },
                {
                  "title": "Invalid password without capital letter should show error message",
                  "fullTitle": "Check registration form 'Password' field validation Invalid password without capital letter should show error message",
                  "timedOut": null,
                  "duration": 0,
                  "state": "pending",
                  "speed": null,
                  "pass": false,
                  "fail": false,
                  "pending": true,
                  "context": null,
                  "code": "cy.get('.modal-content').first().within(() => {\n  cy.get('#signupPassword').type(input.password).should('have.value', input.password).blur();\n  if (expected.message) {\n    cy.get('.invalid-feedback').should('have.text', expected.message);\n    cy.get('#signupPassword').should('have.css', 'border-color', 'rgb(220, 53, 69)');\n  } else {\n    cy.get('.invalid-feedback').should('not.exist');\n  }\n});",
                  "err": {},
                  "uuid": "bab1a431-d596-4957-b108-dcfdad6c4d83",
                  "parentUUID": "250516dc-d656-4b23-ad9c-cfdcefffe64e",
                  "isHook": false,
                  "skipped": false
                },
                {
                  "title": "Invalid password without number should show error message",
                  "fullTitle": "Check registration form 'Password' field validation Invalid password without number should show error message",
                  "timedOut": null,
                  "duration": 0,
                  "state": "pending",
                  "speed": null,
                  "pass": false,
                  "fail": false,
                  "pending": true,
                  "context": null,
                  "code": "cy.get('.modal-content').first().within(() => {\n  cy.get('#signupPassword').type(input.password).should('have.value', input.password).blur();\n  if (expected.message) {\n    cy.get('.invalid-feedback').should('have.text', expected.message);\n    cy.get('#signupPassword').should('have.css', 'border-color', 'rgb(220, 53, 69)');\n  } else {\n    cy.get('.invalid-feedback').should('not.exist');\n  }\n});",
                  "err": {},
                  "uuid": "5cf09f8c-63f7-4bf5-bfb7-95645113af29",
                  "parentUUID": "250516dc-d656-4b23-ad9c-cfdcefffe64e",
                  "isHook": false,
                  "skipped": false
                },
                {
                  "title": "Invalid password without small letter should show error message",
                  "fullTitle": "Check registration form 'Password' field validation Invalid password without small letter should show error message",
                  "timedOut": null,
                  "duration": 0,
                  "state": "pending",
                  "speed": null,
                  "pass": false,
                  "fail": false,
                  "pending": true,
                  "context": null,
                  "code": "cy.get('.modal-content').first().within(() => {\n  cy.get('#signupPassword').type(input.password).should('have.value', input.password).blur();\n  if (expected.message) {\n    cy.get('.invalid-feedback').should('have.text', expected.message);\n    cy.get('#signupPassword').should('have.css', 'border-color', 'rgb(220, 53, 69)');\n  } else {\n    cy.get('.invalid-feedback').should('not.exist');\n  }\n});",
                  "err": {},
                  "uuid": "ea01dbd1-0945-4951-8f22-5161301504b7",
                  "parentUUID": "250516dc-d656-4b23-ad9c-cfdcefffe64e",
                  "isHook": false,
                  "skipped": false
                },
                {
                  "title": "Valid password with maximum required chars, capital letter, small letter and number should be accepted",
                  "fullTitle": "Check registration form 'Password' field validation Valid password with maximum required chars, capital letter, small letter and number should be accepted",
                  "timedOut": null,
                  "duration": 0,
                  "state": "pending",
                  "speed": null,
                  "pass": false,
                  "fail": false,
                  "pending": true,
                  "context": null,
                  "code": "cy.get('.modal-content').first().within(() => {\n  cy.get('#signupPassword').type(input.password).should('have.value', input.password).blur();\n  if (expected.message) {\n    cy.get('.invalid-feedback').should('have.text', expected.message);\n    cy.get('#signupPassword').should('have.css', 'border-color', 'rgb(220, 53, 69)');\n  } else {\n    cy.get('.invalid-feedback').should('not.exist');\n  }\n});",
                  "err": {},
                  "uuid": "16969d25-f44d-4769-baa8-6f85dc1aad0b",
                  "parentUUID": "250516dc-d656-4b23-ad9c-cfdcefffe64e",
                  "isHook": false,
                  "skipped": false
                },
                {
                  "title": "Invalid password with more than maximum required chars should show error message",
                  "fullTitle": "Check registration form 'Password' field validation Invalid password with more than maximum required chars should show error message",
                  "timedOut": null,
                  "duration": 0,
                  "state": "pending",
                  "speed": null,
                  "pass": false,
                  "fail": false,
                  "pending": true,
                  "context": null,
                  "code": "cy.get('.modal-content').first().within(() => {\n  cy.get('#signupPassword').type(input.password).should('have.value', input.password).blur();\n  if (expected.message) {\n    cy.get('.invalid-feedback').should('have.text', expected.message);\n    cy.get('#signupPassword').should('have.css', 'border-color', 'rgb(220, 53, 69)');\n  } else {\n    cy.get('.invalid-feedback').should('not.exist');\n  }\n});",
                  "err": {},
                  "uuid": "b1000efe-40d9-43e3-89a7-d9774d21cbde",
                  "parentUUID": "250516dc-d656-4b23-ad9c-cfdcefffe64e",
                  "isHook": false,
                  "skipped": false
                },
                {
                  "title": "Empty 'Password' field should show error message",
                  "fullTitle": "Check registration form 'Password' field validation Empty 'Password' field should show error message",
                  "timedOut": null,
                  "duration": 0,
                  "state": "pending",
                  "speed": null,
                  "pass": false,
                  "fail": false,
                  "pending": true,
                  "context": null,
                  "code": "cy.get('.modal-content').first().within(() => {\n  cy.get('#signupPassword').focus().blur().should('have.css', 'border-color', 'rgb(220, 53, 69)');\n  cy.get('.invalid-feedback').should('have.text', 'Password required');\n});",
                  "err": {},
                  "uuid": "5ecfb3b8-35dc-4280-a226-d5ca535ed295",
                  "parentUUID": "250516dc-d656-4b23-ad9c-cfdcefffe64e",
                  "isHook": false,
                  "skipped": false
                }
              ],
              "suites": [],
              "passes": [],
              "failures": [],
              "pending": [
                "56818dd0-85e2-433a-9e06-52f5ede70868",
                "cd1f4dd9-0bee-43fc-a028-a79a12a59171",
                "7b06c34b-5267-4d0b-832e-80d0bee3f925",
                "4955e4db-c742-4b78-a858-4908961e42cf",
                "bab1a431-d596-4957-b108-dcfdad6c4d83",
                "5cf09f8c-63f7-4bf5-bfb7-95645113af29",
                "ea01dbd1-0945-4951-8f22-5161301504b7",
                "16969d25-f44d-4769-baa8-6f85dc1aad0b",
                "b1000efe-40d9-43e3-89a7-d9774d21cbde",
                "5ecfb3b8-35dc-4280-a226-d5ca535ed295"
              ],
              "skipped": [],
              "duration": 0,
              "root": false,
              "rootEmpty": false,
              "_timeout": 2000
            },
            {
              "uuid": "87bc4223-f6ef-4107-889d-016d7edb541a",
              "title": "'Re-enter password' field validation",
              "fullFile": "",
              "file": "",
              "beforeHooks": [],
              "afterHooks": [],
              "tests": [
                {
                  "title": "Valid matching password should be accepted",
                  "fullTitle": "Check registration form 'Re-enter password' field validation Valid matching password should be accepted",
                  "timedOut": null,
                  "duration": 0,
                  "state": "pending",
                  "speed": null,
                  "pass": false,
                  "fail": false,
                  "pending": true,
                  "context": null,
                  "code": "cy.get('.modal-content').first().within(() => {\n  cy.get('#signupPassword').type(input.password).should('have.value', input.password).blur();\n  cy.get('#signupRepeatPassword').type(input.reEnterPassword).should('have.value', input.reEnterPassword).blur();\n  if (expected.message) {\n    cy.get('.invalid-feedback').should('have.text', expected.message);\n    cy.get('#signupPassword').should('have.css', 'border-color', 'rgb(220, 53, 69)');\n  } else {\n    cy.get('.invalid-feedback').should('not.exist');\n  }\n});",
                  "err": {},
                  "uuid": "9e477d82-2e94-49dc-9c5f-da8ff9047549",
                  "parentUUID": "87bc4223-f6ef-4107-889d-016d7edb541a",
                  "isHook": false,
                  "skipped": false
                },
                {
                  "title": "Invalid non-matching password should show error message",
                  "fullTitle": "Check registration form 'Re-enter password' field validation Invalid non-matching password should show error message",
                  "timedOut": null,
                  "duration": 0,
                  "state": "pending",
                  "speed": null,
                  "pass": false,
                  "fail": false,
                  "pending": true,
                  "context": null,
                  "code": "cy.get('.modal-content').first().within(() => {\n  cy.get('#signupPassword').type(input.password).should('have.value', input.password).blur();\n  cy.get('#signupRepeatPassword').type(input.reEnterPassword).should('have.value', input.reEnterPassword).blur();\n  if (expected.message) {\n    cy.get('.invalid-feedback').should('have.text', expected.message);\n    cy.get('#signupPassword').should('have.css', 'border-color', 'rgb(220, 53, 69)');\n  } else {\n    cy.get('.invalid-feedback').should('not.exist');\n  }\n});",
                  "err": {},
                  "uuid": "fb5770c9-1b71-43b1-b83e-eee57d7aa46c",
                  "parentUUID": "87bc4223-f6ef-4107-889d-016d7edb541a",
                  "isHook": false,
                  "skipped": false
                },
                {
                  "title": "Empty 'Re-enter password' field should show error message",
                  "fullTitle": "Check registration form 'Re-enter password' field validation Empty 'Re-enter password' field should show error message",
                  "timedOut": null,
                  "duration": 0,
                  "state": "pending",
                  "speed": null,
                  "pass": false,
                  "fail": false,
                  "pending": true,
                  "context": null,
                  "code": "cy.get('.modal-content').first().within(() => {\n  cy.get('#signupRepeatPassword').focus().blur().should('have.css', 'border-color', 'rgb(220, 53, 69)');\n  cy.get('.invalid-feedback').should('have.text', 'Re-enter password required');\n});",
                  "err": {},
                  "uuid": "865d78e1-343a-4833-a190-c8fae3ef92c6",
                  "parentUUID": "87bc4223-f6ef-4107-889d-016d7edb541a",
                  "isHook": false,
                  "skipped": false
                }
              ],
              "suites": [],
              "passes": [],
              "failures": [],
              "pending": [
                "9e477d82-2e94-49dc-9c5f-da8ff9047549",
                "fb5770c9-1b71-43b1-b83e-eee57d7aa46c",
                "865d78e1-343a-4833-a190-c8fae3ef92c6"
              ],
              "skipped": [],
              "duration": 0,
              "root": false,
              "rootEmpty": false,
              "_timeout": 2000
            },
            {
              "uuid": "0583c6ae-76d3-4b65-9804-ed82d123d225",
              "title": "'Register' button functionality",
              "fullFile": "",
              "file": "",
              "beforeHooks": [],
              "afterHooks": [],
              "tests": [
                {
                  "title": "Button should be disabled when fields are empty",
                  "fullTitle": "Check registration form 'Register' button functionality Button should be disabled when fields are empty",
                  "timedOut": null,
                  "duration": 0,
                  "state": "pending",
                  "speed": null,
                  "pass": false,
                  "fail": false,
                  "pending": true,
                  "context": null,
                  "code": "cy.get('.modal-content').first().within(() => {\n  cy.get('.btn-primary').should(\"contain\", \"Register\").and('be.disabled');\n});",
                  "err": {},
                  "uuid": "970352a2-be12-4bea-ac88-36a9472bc323",
                  "parentUUID": "0583c6ae-76d3-4b65-9804-ed82d123d225",
                  "isHook": false,
                  "skipped": false
                },
                {
                  "title": "Button should be disabled when fields are incorrect",
                  "fullTitle": "Check registration form 'Register' button functionality Button should be disabled when fields are incorrect",
                  "timedOut": null,
                  "duration": 0,
                  "state": "pending",
                  "speed": null,
                  "pass": false,
                  "fail": false,
                  "pending": true,
                  "context": null,
                  "code": "const user = _fullUsers.default[1];\ncy.get('.modal-content').first().within(() => {\n  cy.get('#signupName').should('be.visible').type(user.input.name);\n  cy.get('#signupLastName').should('be.visible').type(user.input.lastName);\n  cy.get('#signupEmail').should('be.visible').type(user.input.email);\n  cy.get('#signupPassword').should('be.visible').type(user.input.password);\n  cy.get('#signupRepeatPassword').should('be.visible').type(user.input.reEnterPassword);\n  cy.get('.btn-primary').should(\"contain\", \"Register\").and('be.disabled');\n});",
                  "err": {},
                  "uuid": "a9d2f127-7c7c-4560-b917-84b6ce345a63",
                  "parentUUID": "0583c6ae-76d3-4b65-9804-ed82d123d225",
                  "isHook": false,
                  "skipped": false
                },
                {
                  "title": "New user should be created when fields are correct",
                  "fullTitle": "Check registration form 'Register' button functionality New user should be created when fields are correct",
                  "timedOut": null,
                  "duration": 0,
                  "state": "pending",
                  "speed": null,
                  "pass": false,
                  "fail": false,
                  "pending": true,
                  "context": null,
                  "code": "const user = _fullUsers.default[0];\ncy.get('.modal-content').first().within(() => {\n  cy.get('#signupName').should('be.visible').type(user.input.name);\n  cy.get('#signupLastName').should('be.visible').type(user.input.lastName);\n  cy.get('#signupEmail').should('be.visible').type(user.input.email);\n  cy.get('#signupPassword').should('be.visible').type(user.input.password);\n  cy.get('#signupRepeatPassword').should('be.visible').type(user.input.reEnterPassword);\n  cy.get('.btn-primary').should(\"contain\", \"Register\").and('be.enabled');\n});",
                  "err": {},
                  "uuid": "636eefca-45a8-40bc-8bb8-635dbbbaf8c4",
                  "parentUUID": "0583c6ae-76d3-4b65-9804-ed82d123d225",
                  "isHook": false,
                  "skipped": false
                }
              ],
              "suites": [],
              "passes": [],
              "failures": [],
              "pending": [
                "970352a2-be12-4bea-ac88-36a9472bc323",
                "a9d2f127-7c7c-4560-b917-84b6ce345a63",
                "636eefca-45a8-40bc-8bb8-635dbbbaf8c4"
              ],
              "skipped": [],
              "duration": 0,
              "root": false,
              "rootEmpty": false,
              "_timeout": 2000
            }
          ],
          "passes": [],
          "failures": [],
          "pending": [
            "9fa8f98e-6d04-48bb-afd6-a56c2b602137"
          ],
          "skipped": [],
          "duration": 0,
          "root": false,
          "rootEmpty": false,
          "_timeout": 2000
        }
      ],
      "passes": [],
      "failures": [],
      "pending": [],
      "skipped": [],
      "duration": 0,
      "root": true,
      "rootEmpty": true,
      "_timeout": 2000
    }
  ],
  "meta": {
    "mocha": {
      "version": "7.2.0"
    },
    "mochawesome": {
      "options": {
        "quiet": false,
        "reportFilename": "mochawesome",
        "saveHtml": false,
        "saveJson": true,
        "consoleReporter": "spec",
        "useInlineDiffs": false,
        "code": true
      },
      "version": "7.1.4"
    },
    "marge": {
      "options": {
        "reportDir": "cypress/results",
        "overwrite": false,
        "html": false,
        "json": true
      },
      "version": "6.3.2"
    }
  }
}