{
  "stats": {
    "suites": 1,
    "tests": 5,
    "passes": 5,
    "pending": 0,
    "failures": 0,
    "start": "2025-12-21T14:08:13.000Z",
    "end": "2025-12-21T14:08:19.651Z",
    "duration": 6651,
    "testsRegistered": 5,
    "passPercent": 100,
    "pendingPercent": 0,
    "other": 0,
    "hasOther": false,
    "skipped": 0,
    "hasSkipped": false
  },
  "results": [
    {
      "uuid": "ab468ef3-35a0-45b6-a360-67854cc1e93b",
      "title": "",
      "fullFile": "cypress\\e2e\\2-advanced-examples\\storage.cy.js",
      "file": "cypress\\e2e\\2-advanced-examples\\storage.cy.js",
      "beforeHooks": [],
      "afterHooks": [],
      "tests": [],
      "suites": [
        {
          "uuid": "664ffd39-0418-4db9-9f1a-6f64240f9196",
          "title": "Local Storage / Session Storage",
          "fullFile": "",
          "file": "",
          "beforeHooks": [],
          "afterHooks": [],
          "tests": [
            {
              "title": "cy.clearLocalStorage() - clear all data in localStorage for the current origin",
              "fullTitle": "Local Storage / Session Storage cy.clearLocalStorage() - clear all data in localStorage for the current origin",
              "timedOut": null,
              "duration": 972,
              "state": "passed",
              "speed": "fast",
              "pass": true,
              "fail": false,
              "pending": false,
              "context": null,
              "code": "// https://on.cypress.io/clearlocalstorage\ncy.get('.ls-btn').click();\ncy.get('.ls-btn').should(() => {\n  expect(localStorage.getItem('prop1')).to.eq('red');\n  expect(localStorage.getItem('prop2')).to.eq('blue');\n  expect(localStorage.getItem('prop3')).to.eq('magenta');\n});\ncy.clearLocalStorage();\ncy.getAllLocalStorage().should(() => {\n  expect(localStorage.getItem('prop1')).to.be.null;\n  expect(localStorage.getItem('prop2')).to.be.null;\n  expect(localStorage.getItem('prop3')).to.be.null;\n});\ncy.get('.ls-btn').click();\ncy.get('.ls-btn').should(() => {\n  expect(localStorage.getItem('prop1')).to.eq('red');\n  expect(localStorage.getItem('prop2')).to.eq('blue');\n  expect(localStorage.getItem('prop3')).to.eq('magenta');\n});\n// Clear key matching string in localStorage\ncy.clearLocalStorage('prop1');\ncy.getAllLocalStorage().should(() => {\n  expect(localStorage.getItem('prop1')).to.be.null;\n  expect(localStorage.getItem('prop2')).to.eq('blue');\n  expect(localStorage.getItem('prop3')).to.eq('magenta');\n});\ncy.get('.ls-btn').click();\ncy.get('.ls-btn').should(() => {\n  expect(localStorage.getItem('prop1')).to.eq('red');\n  expect(localStorage.getItem('prop2')).to.eq('blue');\n  expect(localStorage.getItem('prop3')).to.eq('magenta');\n});\n// Clear keys matching regex in localStorage\ncy.clearLocalStorage(/prop1|2/);\ncy.getAllLocalStorage().should(() => {\n  expect(localStorage.getItem('prop1')).to.be.null;\n  expect(localStorage.getItem('prop2')).to.be.null;\n  expect(localStorage.getItem('prop3')).to.eq('magenta');\n});",
              "err": {},
              "uuid": "c729c290-3a5a-4788-bd55-52a86ab5f293",
              "parentUUID": "664ffd39-0418-4db9-9f1a-6f64240f9196",
              "isHook": false,
              "skipped": false
            },
            {
              "title": "cy.getAllLocalStorage() - get all data in localStorage for all origins",
              "fullTitle": "Local Storage / Session Storage cy.getAllLocalStorage() - get all data in localStorage for all origins",
              "timedOut": null,
              "duration": 331,
              "state": "passed",
              "speed": "fast",
              "pass": true,
              "fail": false,
              "pending": false,
              "context": null,
              "code": "// https://on.cypress.io/getalllocalstorage\ncy.get('.ls-btn').click();\n// getAllLocalStorage() yields a map of origins to localStorage values\ncy.getAllLocalStorage().should(storageMap => {\n  expect(storageMap).to.deep.equal({\n    // other origins will also be present if localStorage is set on them\n    'https://example.cypress.io': {\n      prop1: 'red',\n      prop2: 'blue',\n      prop3: 'magenta'\n    }\n  });\n});",
              "err": {},
              "uuid": "de95c552-3f83-4e0a-8155-02a066a1ee0c",
              "parentUUID": "664ffd39-0418-4db9-9f1a-6f64240f9196",
              "isHook": false,
              "skipped": false
            },
            {
              "title": "cy.clearAllLocalStorage() - clear all data in localStorage for all origins",
              "fullTitle": "Local Storage / Session Storage cy.clearAllLocalStorage() - clear all data in localStorage for all origins",
              "timedOut": null,
              "duration": 295,
              "state": "passed",
              "speed": "fast",
              "pass": true,
              "fail": false,
              "pending": false,
              "context": null,
              "code": "// https://on.cypress.io/clearalllocalstorage\ncy.get('.ls-btn').click();\n// clearAllLocalStorage() yields null\ncy.clearAllLocalStorage();\ncy.getAllLocalStorage().should(() => {\n  expect(localStorage.getItem('prop1')).to.be.null;\n  expect(localStorage.getItem('prop2')).to.be.null;\n  expect(localStorage.getItem('prop3')).to.be.null;\n});",
              "err": {},
              "uuid": "a64c6692-00c0-43ca-a5bf-ed1641cdb5da",
              "parentUUID": "664ffd39-0418-4db9-9f1a-6f64240f9196",
              "isHook": false,
              "skipped": false
            },
            {
              "title": "cy.getAllSessionStorage() - get all data in sessionStorage for all origins",
              "fullTitle": "Local Storage / Session Storage cy.getAllSessionStorage() - get all data in sessionStorage for all origins",
              "timedOut": null,
              "duration": 295,
              "state": "passed",
              "speed": "fast",
              "pass": true,
              "fail": false,
              "pending": false,
              "context": null,
              "code": "// https://on.cypress.io/getallsessionstorage\ncy.get('.ls-btn').click();\n// getAllSessionStorage() yields a map of origins to sessionStorage values\ncy.getAllSessionStorage().should(storageMap => {\n  expect(storageMap).to.deep.equal({\n    // other origins will also be present if sessionStorage is set on them\n    'https://example.cypress.io': {\n      prop4: 'cyan',\n      prop5: 'yellow',\n      prop6: 'black'\n    }\n  });\n});",
              "err": {},
              "uuid": "af127cae-afbe-488f-a2d9-29685a8d24a5",
              "parentUUID": "664ffd39-0418-4db9-9f1a-6f64240f9196",
              "isHook": false,
              "skipped": false
            },
            {
              "title": "cy.clearAllSessionStorage() - clear all data in sessionStorage for all origins",
              "fullTitle": "Local Storage / Session Storage cy.clearAllSessionStorage() - clear all data in sessionStorage for all origins",
              "timedOut": null,
              "duration": 304,
              "state": "passed",
              "speed": "fast",
              "pass": true,
              "fail": false,
              "pending": false,
              "context": null,
              "code": "// https://on.cypress.io/clearallsessionstorage\ncy.get('.ls-btn').click();\n// clearAllSessionStorage() yields null\ncy.clearAllSessionStorage();\ncy.getAllSessionStorage().should(() => {\n  expect(sessionStorage.getItem('prop4')).to.be.null;\n  expect(sessionStorage.getItem('prop5')).to.be.null;\n  expect(sessionStorage.getItem('prop6')).to.be.null;\n});",
              "err": {},
              "uuid": "6efcba53-82f9-4692-88c2-8f03f89ca757",
              "parentUUID": "664ffd39-0418-4db9-9f1a-6f64240f9196",
              "isHook": false,
              "skipped": false
            }
          ],
          "suites": [],
          "passes": [
            "c729c290-3a5a-4788-bd55-52a86ab5f293",
            "de95c552-3f83-4e0a-8155-02a066a1ee0c",
            "a64c6692-00c0-43ca-a5bf-ed1641cdb5da",
            "af127cae-afbe-488f-a2d9-29685a8d24a5",
            "6efcba53-82f9-4692-88c2-8f03f89ca757"
          ],
          "failures": [],
          "pending": [],
          "skipped": [],
          "duration": 2197,
          "root": false,
          "rootEmpty": false,
          "_timeout": 2000
        }
      ],
      "passes": [],
      "failures": [],
      "pending": [],
      "skipped": [],
      "duration": 0,
      "root": true,
      "rootEmpty": true,
      "_timeout": 2000
    }
  ],
  "meta": {
    "mocha": {
      "version": "7.2.0"
    },
    "mochawesome": {
      "options": {
        "quiet": false,
        "reportFilename": "mochawesome",
        "saveHtml": false,
        "saveJson": true,
        "consoleReporter": "spec",
        "useInlineDiffs": false,
        "code": true
      },
      "version": "7.1.4"
    },
    "marge": {
      "options": {
        "reportDir": "cypress/results",
        "overwrite": false,
        "html": false,
        "json": true
      },
      "version": "6.3.2"
    }
  }
}