{
  "stats": {
    "suites": 1,
    "tests": 1,
    "passes": 0,
    "pending": 5,
    "failures": -4,
    "start": "2025-12-21T14:09:32.220Z",
    "end": "2025-12-21T14:09:32.259Z",
    "duration": 39,
    "testsRegistered": 5,
    "passPercent": null,
    "pendingPercent": 100,
    "other": 4,
    "hasOther": true,
    "skipped": 0,
    "hasSkipped": false
  },
  "results": [
    {
      "uuid": "7b52fa2f-2e8d-4248-b74b-b6e5d9d6da21",
      "title": "",
      "fullFile": "cypress\\e2e\\mainPage\\footer.test.js",
      "file": "cypress\\e2e\\mainPage\\footer.test.js",
      "beforeHooks": [],
      "afterHooks": [],
      "tests": [],
      "suites": [
        {
          "uuid": "f5d17049-1284-4869-be72-d49623696330",
          "title": "Check footer buttons",
          "fullFile": "",
          "file": "",
          "beforeHooks": [],
          "afterHooks": [],
          "tests": [
            {
              "title": "Facebook button should have correct parameters",
              "fullTitle": "Check footer buttons Facebook button should have correct parameters",
              "timedOut": null,
              "duration": 0,
              "state": "pending",
              "speed": null,
              "pass": false,
              "fail": false,
              "pending": true,
              "context": null,
              "code": "cy.get('.icon-facebook').should('be.visible');\ncy.get('.socials_link:has(.icon-facebook)').should('have.attr', 'target', '_blank').and('have.attr', 'href').and('contain', FACEBOOK_PATH);",
              "err": {},
              "uuid": "601209b2-585e-4c76-9e45-e41a265cfad3",
              "parentUUID": "f5d17049-1284-4869-be72-d49623696330",
              "isHook": false,
              "skipped": false
            },
            {
              "title": "Telegram button should have correct parameters",
              "fullTitle": "Check footer buttons Telegram button should have correct parameters",
              "timedOut": null,
              "duration": 0,
              "state": "pending",
              "speed": null,
              "pass": false,
              "fail": false,
              "pending": true,
              "context": null,
              "code": "cy.get('.icon-telegram').should('be.visible');\ncy.get('.socials_link:has(.icon-telegram)').should('have.attr', 'target', '_blank').and('have.attr', 'href').and('contain', TELEGRAM_PATH);",
              "err": {},
              "uuid": "07a6d36e-fe49-46f4-b082-6d89bc1bdc30",
              "parentUUID": "f5d17049-1284-4869-be72-d49623696330",
              "isHook": false,
              "skipped": false
            },
            {
              "title": "YouTube button should have correct parameters",
              "fullTitle": "Check footer buttons YouTube button should have correct parameters",
              "timedOut": null,
              "duration": 0,
              "state": "pending",
              "speed": null,
              "pass": false,
              "fail": false,
              "pending": true,
              "context": null,
              "code": "cy.get('.icon-youtube').should('be.visible');\ncy.get('.socials_link:has(.icon-youtube)').should('have.attr', 'target', '_blank').and('have.attr', 'href').and('contain', YOUTUBE_PATH);",
              "err": {},
              "uuid": "34587300-226f-4bb6-92ae-cbd293955d8d",
              "parentUUID": "f5d17049-1284-4869-be72-d49623696330",
              "isHook": false,
              "skipped": false
            },
            {
              "title": "Instagram button should have correct parameters",
              "fullTitle": "Check footer buttons Instagram button should have correct parameters",
              "timedOut": null,
              "duration": 0,
              "state": "pending",
              "speed": null,
              "pass": false,
              "fail": false,
              "pending": true,
              "context": null,
              "code": "cy.get('.icon-instagram').should('be.visible');\ncy.get('.socials_link:has(.icon-instagram)').should('have.attr', 'target', '_blank').and('have.attr', 'href').and('contain', INSTAGRAM_PATH);",
              "err": {},
              "uuid": "698312df-d5dc-45da-bf2b-7631b4d67fb7",
              "parentUUID": "f5d17049-1284-4869-be72-d49623696330",
              "isHook": false,
              "skipped": false
            },
            {
              "title": "linkedin button should have correct parameters",
              "fullTitle": "Check footer buttons linkedin button should have correct parameters",
              "timedOut": null,
              "duration": 0,
              "state": "pending",
              "speed": null,
              "pass": false,
              "fail": false,
              "pending": true,
              "context": null,
              "code": "cy.get('.icon-linkedin').should('be.visible');\ncy.get('.socials_link:has(.icon-linkedin)').should('have.attr', 'target', '_blank').and('have.attr', 'href').and('contain', LINKEDIN_PATH);",
              "err": {},
              "uuid": "0601f614-fc77-4f9a-9685-895d33463b95",
              "parentUUID": "f5d17049-1284-4869-be72-d49623696330",
              "isHook": false,
              "skipped": false
            }
          ],
          "suites": [],
          "passes": [],
          "failures": [],
          "pending": [
            "601209b2-585e-4c76-9e45-e41a265cfad3",
            "07a6d36e-fe49-46f4-b082-6d89bc1bdc30",
            "34587300-226f-4bb6-92ae-cbd293955d8d",
            "698312df-d5dc-45da-bf2b-7631b4d67fb7",
            "0601f614-fc77-4f9a-9685-895d33463b95"
          ],
          "skipped": [],
          "duration": 0,
          "root": false,
          "rootEmpty": false,
          "_timeout": 2000
        }
      ],
      "passes": [],
      "failures": [],
      "pending": [],
      "skipped": [],
      "duration": 0,
      "root": true,
      "rootEmpty": true,
      "_timeout": 2000
    }
  ],
  "meta": {
    "mocha": {
      "version": "7.2.0"
    },
    "mochawesome": {
      "options": {
        "quiet": false,
        "reportFilename": "mochawesome",
        "saveHtml": false,
        "saveJson": true,
        "consoleReporter": "spec",
        "useInlineDiffs": false,
        "code": true
      },
      "version": "7.1.4"
    },
    "marge": {
      "options": {
        "reportDir": "cypress/results",
        "overwrite": false,
        "html": false,
        "json": true
      },
      "version": "6.3.2"
    }
  }
}